12:58:56.290 [main] INFO  org.testng.internal.Utils [TestNG] Running:
  C:\Users\Isuru\AppData\Local\Temp\testng-eclipse-1286062970\testng-customsuite.xml

12:58:56.317 [main] INFO  org.testng.internal.Utils [Utils] DynamicGraphHelper.createDynamicGraph() took 4 ms.
12:58:59.631 [main] INFO  testCases.TC001_AccountRegistrationTest **** Starting TC001_AccountRegistrationTest ****
12:58:59.817 [main] INFO  testCases.TC001_AccountRegistrationTest Clicked on my account Link
12:59:00.284 [main] INFO  testCases.TC001_AccountRegistrationTest Clicked on register Link
12:59:00.290 [main] INFO  testCases.TC001_AccountRegistrationTest Providing user details
12:59:01.514 [main] INFO  testCases.TC001_AccountRegistrationTest Validating expected message..
12:59:01.557 [main] ERROR testCases.TC001_AccountRegistrationTest Test failed...
12:59:01.557 [main] DEBUG testCases.TC001_AccountRegistrationTest Debug logs
12:59:01.837 [main] INFO  org.testng.internal.Utils [TestNG] Time taken by org.testng.reporters.jq.Main@a64e035: 55 ms
12:59:01.853 [main] INFO  org.testng.internal.Utils [TestNG] Time taken by org.testng.reporters.FailedReporter@63da207f: 16 ms
12:59:01.860 [main] INFO  org.testng.internal.Utils [TestNG] Time taken by org.testng.reporters.XMLReporter@706cb08: 7 ms
12:59:01.865 [main] INFO  org.testng.internal.Utils [TestNG] Time taken by org.testng.reporters.EmailableReporter2@5754de72: 5 ms
12:59:01.874 [main] INFO  org.testng.internal.Utils [TestNG] Time taken by org.testng.reporters.JUnitReportReporter@1eb6e1c: 9 ms
12:59:01.874 [main] INFO  org.testng.internal.Utils [TestNG] Time taken by org.testng.internal.ExitCodeListener@51dbd6e4: 0 ms
12:59:18.890 [main] DEBUG org.testng.TestNG suiteXmlPath: "C:\Users\Isuru\AppData\Local\Temp\testng-eclipse--284066643\testng-customsuite.xml"
12:59:19.099 [main] INFO  org.testng.internal.Utils [Utils] MethodGroupsHelper.collectMethodsByGroup() took 0 ms.
12:59:19.102 [main] INFO  org.testng.internal.Utils [Utils] MethodGroupsHelper.sortMethods() took 1 ms.
12:59:19.103 [main] INFO  org.testng.internal.Utils [Utils] MethodGroupsHelper.collectMethodsByGroup() took 0 ms.
12:59:19.103 [main] INFO  org.testng.internal.Utils [Utils] MethodGroupsHelper.sortMethods() took 0 ms.
12:59:19.104 [main] INFO  org.testng.internal.Utils [Utils] MethodGroupsHelper.collectMethodsByGroup() took 0 ms.
12:59:19.104 [main] INFO  org.testng.internal.Utils [Utils] MethodGroupsHelper.sortMethods() took 0 ms.
12:59:19.104 [main] INFO  org.testng.internal.Utils [Utils] MethodGroupsHelper.collectMethodsByGroup() took 0 ms.
12:59:19.104 [main] INFO  org.testng.internal.Utils [Utils] MethodGroupsHelper.sortMethods() took 0 ms.
12:59:19.110 [main] INFO  org.testng.internal.Utils [Utils] MethodGroupsHelper.collectMethodsByGroup() took 5 ms.
12:59:19.119 [main] INFO  org.testng.internal.Utils [Utils] MethodGroupsHelper.sortMethods() took 8 ms.
12:59:19.121 [main] INFO  org.testng.internal.Utils [Utils] MethodGroupsHelper.collectMethodsByGroup() took 0 ms.
12:59:19.121 [main] INFO  org.testng.internal.Utils [Utils] MethodGroupsHelper.sortMethods() took 0 ms.
12:59:19.122 [main] INFO  org.testng.internal.Utils [Utils] MethodGroupsHelper.collectMethodsByGroup() took 0 ms.
12:59:19.122 [main] INFO  org.testng.internal.Utils [Utils] MethodGroupsHelper.sortMethods() took 0 ms.
12:59:19.122 [main] INFO  org.testng.internal.Utils [Utils] MethodGroupsHelper.collectMethodsByGroup() took 0 ms.
12:59:19.122 [main] INFO  org.testng.internal.Utils [Utils] MethodGroupsHelper.sortMethods() took 0 ms.
12:59:19.124 [main] INFO  org.testng.internal.Utils [Utils] MethodGroupsHelper.collectMethodsByGroup() took 0 ms.
12:59:19.124 [main] INFO  org.testng.internal.Utils [Utils] MethodGroupsHelper.sortMethods() took 0 ms.
12:59:19.124 [main] INFO  org.testng.internal.Utils [Utils] MethodGroupsHelper.collectMethodsByGroup() took 0 ms.
12:59:19.124 [main] INFO  org.testng.internal.Utils [Utils] MethodGroupsHelper.sortMethods() took 0 ms.
12:59:19.127 [main] INFO  org.testng.internal.Utils [Utils] MethodGroupsHelper.collectMethodsByGroup() took 0 ms.
12:59:19.127 [main] INFO  org.testng.internal.Utils [Utils] MethodGroupsHelper.sortMethods() took 0 ms.
12:59:19.127 [main] INFO  org.testng.internal.Utils [Utils] MethodGroupsHelper.collectMethodsByGroup() took 0 ms.
12:59:19.127 [main] INFO  org.testng.internal.Utils [Utils] MethodGroupsHelper.sortMethods() took 0 ms.
12:59:19.129 [main] INFO  org.testng.internal.Utils [Utils] MethodGroupsHelper.collectMethodsByGroup() took 0 ms.
12:59:19.129 [main] INFO  org.testng.internal.Utils [Utils] MethodGroupsHelper.sortMethods() took 0 ms.
12:59:19.131 [main] INFO  org.testng.internal.Utils [Utils] MethodGroupsHelper.collectMethodsByGroup() took 0 ms.
12:59:19.131 [main] INFO  org.testng.internal.Utils [Utils] MethodGroupsHelper.sortMethods() took 0 ms.
12:59:19.131 [main] INFO  org.testng.internal.Utils [Utils] MethodGroupsHelper.collectMethodsByGroup() took 0 ms.
12:59:19.131 [main] INFO  org.testng.internal.Utils [Utils] MethodGroupsHelper.sortMethods() took 0 ms.
12:59:19.140 [main] INFO  org.testng.internal.Utils [TestNG] Running:
  C:\Users\Isuru\AppData\Local\Temp\testng-eclipse--284066643\testng-customsuite.xml

12:59:19.159 [main] INFO  org.testng.internal.Utils [Utils] DynamicGraphHelper.createDynamicGraph() took 3 ms.
12:59:22.093 [main] INFO  testCases.TC001_AccountRegistrationTest **** Starting TC001_AccountRegistrationTest ****
12:59:22.282 [main] INFO  testCases.TC001_AccountRegistrationTest Clicked on my account Link
12:59:22.891 [main] INFO  testCases.TC001_AccountRegistrationTest Clicked on register Link
12:59:22.895 [main] INFO  testCases.TC001_AccountRegistrationTest Providing user details
12:59:24.152 [main] INFO  testCases.TC001_AccountRegistrationTest Validating expected message..
12:59:24.190 [main] INFO  testCases.TC001_AccountRegistrationTest **** Finished TC001_AccountRegistrationTest ****
12:59:24.460 [main] INFO  org.testng.internal.Utils [TestNG] Time taken by org.testng.reporters.jq.Main@5e39850: 66 ms
12:59:24.461 [main] INFO  org.testng.internal.Utils [TestNG] Time taken by org.testng.reporters.FailedReporter@61799544: 1 ms
12:59:24.469 [main] INFO  org.testng.internal.Utils [TestNG] Time taken by org.testng.reporters.XMLReporter@51ec2df1: 8 ms
12:59:24.473 [main] INFO  org.testng.internal.Utils [TestNG] Time taken by org.testng.reporters.EmailableReporter2@87abc48: 4 ms
12:59:24.478 [main] INFO  org.testng.internal.Utils [TestNG] Time taken by org.testng.reporters.JUnitReportReporter@65bb9029: 3 ms
12:59:24.478 [main] INFO  org.testng.internal.Utils [TestNG] Time taken by org.testng.internal.ExitCodeListener@1bfe3203: 0 ms
13:08:02.251 [main] DEBUG org.testng.TestNG suiteXmlPath: "C:\Users\Isuru\AppData\Local\Temp\testng-eclipse--1322168437\testng-customsuite.xml"
13:08:02.479 [main] INFO  org.testng.internal.Utils [Utils] MethodGroupsHelper.collectMethodsByGroup() took 0 ms.
13:08:02.482 [main] INFO  org.testng.internal.Utils [Utils] MethodGroupsHelper.sortMethods() took 1 ms.
13:08:02.483 [main] INFO  org.testng.internal.Utils [Utils] MethodGroupsHelper.collectMethodsByGroup() took 0 ms.
13:08:02.484 [main] INFO  org.testng.internal.Utils [Utils] MethodGroupsHelper.sortMethods() took 0 ms.
13:08:02.484 [main] INFO  org.testng.internal.Utils [Utils] MethodGroupsHelper.collectMethodsByGroup() took 0 ms.
13:08:02.484 [main] INFO  org.testng.internal.Utils [Utils] MethodGroupsHelper.sortMethods() took 0 ms.
13:08:02.485 [main] INFO  org.testng.internal.Utils [Utils] MethodGroupsHelper.collectMethodsByGroup() took 0 ms.
13:08:02.485 [main] INFO  org.testng.internal.Utils [Utils] MethodGroupsHelper.sortMethods() took 0 ms.
13:08:02.494 [main] INFO  org.testng.internal.Utils [Utils] MethodGroupsHelper.collectMethodsByGroup() took 7 ms.
13:08:02.501 [main] INFO  org.testng.internal.Utils [Utils] MethodGroupsHelper.sortMethods() took 7 ms.
13:08:02.502 [main] INFO  org.testng.internal.Utils [Utils] MethodGroupsHelper.collectMethodsByGroup() took 0 ms.
13:08:02.503 [main] INFO  org.testng.internal.Utils [Utils] MethodGroupsHelper.sortMethods() took 0 ms.
13:08:02.504 [main] INFO  org.testng.internal.Utils [Utils] MethodGroupsHelper.collectMethodsByGroup() took 0 ms.
13:08:02.504 [main] INFO  org.testng.internal.Utils [Utils] MethodGroupsHelper.sortMethods() took 0 ms.
13:08:02.505 [main] INFO  org.testng.internal.Utils [Utils] MethodGroupsHelper.collectMethodsByGroup() took 0 ms.
13:08:02.505 [main] INFO  org.testng.internal.Utils [Utils] MethodGroupsHelper.sortMethods() took 0 ms.
13:08:02.508 [main] INFO  org.testng.internal.Utils [Utils] MethodGroupsHelper.collectMethodsByGroup() took 0 ms.
13:08:02.508 [main] INFO  org.testng.internal.Utils [Utils] MethodGroupsHelper.sortMethods() took 0 ms.
13:08:02.508 [main] INFO  org.testng.internal.Utils [Utils] MethodGroupsHelper.collectMethodsByGroup() took 0 ms.
13:08:02.509 [main] INFO  org.testng.internal.Utils [Utils] MethodGroupsHelper.sortMethods() took 0 ms.
13:08:02.511 [main] INFO  org.testng.internal.Utils [Utils] MethodGroupsHelper.collectMethodsByGroup() took 0 ms.
13:08:02.511 [main] INFO  org.testng.internal.Utils [Utils] MethodGroupsHelper.sortMethods() took 0 ms.
13:08:02.511 [main] INFO  org.testng.internal.Utils [Utils] MethodGroupsHelper.collectMethodsByGroup() took 0 ms.
13:08:02.511 [main] INFO  org.testng.internal.Utils [Utils] MethodGroupsHelper.sortMethods() took 0 ms.
13:08:02.512 [main] INFO  org.testng.internal.Utils [Utils] MethodGroupsHelper.collectMethodsByGroup() took 0 ms.
13:08:02.512 [main] INFO  org.testng.internal.Utils [Utils] MethodGroupsHelper.sortMethods() took 0 ms.
13:08:02.514 [main] INFO  org.testng.internal.Utils [Utils] MethodGroupsHelper.collectMethodsByGroup() took 0 ms.
13:08:02.514 [main] INFO  org.testng.internal.Utils [Utils] MethodGroupsHelper.sortMethods() took 0 ms.
13:08:02.514 [main] INFO  org.testng.internal.Utils [Utils] MethodGroupsHelper.collectMethodsByGroup() took 0 ms.
13:08:02.514 [main] INFO  org.testng.internal.Utils [Utils] MethodGroupsHelper.sortMethods() took 0 ms.
13:08:02.522 [main] INFO  org.testng.internal.Utils [TestNG] Running:
  C:\Users\Isuru\AppData\Local\Temp\testng-eclipse--1322168437\testng-customsuite.xml

13:08:02.546 [main] INFO  org.testng.internal.Utils [Utils] DynamicGraphHelper.createDynamicGraph() took 5 ms.
13:08:05.964 [main] INFO  testCases.TC001_AccountRegistrationTest **** Starting TC001_AccountRegistrationTest ****
13:08:06.118 [main] INFO  testCases.TC001_AccountRegistrationTest Clicked on my account Link
13:08:06.603 [main] INFO  testCases.TC001_AccountRegistrationTest Clicked on register Link
13:08:06.608 [main] INFO  testCases.TC001_AccountRegistrationTest Providing user details
13:08:08.014 [main] INFO  testCases.TC001_AccountRegistrationTest Validating expected message..
13:08:08.056 [main] ERROR testCases.TC001_AccountRegistrationTest Test failed...
13:08:08.056 [main] DEBUG testCases.TC001_AccountRegistrationTest Debug logs
13:08:08.340 [main] INFO  org.testng.internal.Utils [TestNG] Time taken by org.testng.reporters.jq.Main@1d12b024: 48 ms
13:08:08.351 [main] INFO  org.testng.internal.Utils [TestNG] Time taken by org.testng.reporters.FailedReporter@70e3f36f: 10 ms
13:08:08.361 [main] INFO  org.testng.internal.Utils [TestNG] Time taken by org.testng.reporters.XMLReporter@52b6319f: 10 ms
13:08:08.366 [main] INFO  org.testng.internal.Utils [TestNG] Time taken by org.testng.reporters.EmailableReporter2@56303475: 5 ms
13:08:08.372 [main] INFO  org.testng.internal.Utils [TestNG] Time taken by org.testng.reporters.JUnitReportReporter@6e1f8469: 6 ms
13:08:08.373 [main] INFO  org.testng.internal.Utils [TestNG] Time taken by org.testng.internal.ExitCodeListener@2e380628: 0 ms
13:24:56.522 [main] DEBUG org.testng.TestNG suiteXmlPath: "C:\Users\Isuru\AppData\Local\Temp\testng-eclipse--289843931\testng-customsuite.xml"
13:24:56.727 [main] INFO  org.testng.internal.Utils [Utils] MethodGroupsHelper.collectMethodsByGroup() took 0 ms.
13:24:56.730 [main] INFO  org.testng.internal.Utils [Utils] MethodGroupsHelper.sortMethods() took 2 ms.
13:24:56.732 [main] INFO  org.testng.internal.Utils [Utils] MethodGroupsHelper.collectMethodsByGroup() took 0 ms.
13:24:56.732 [main] INFO  org.testng.internal.Utils [Utils] MethodGroupsHelper.sortMethods() took 0 ms.
13:24:56.732 [main] INFO  org.testng.internal.Utils [Utils] MethodGroupsHelper.collectMethodsByGroup() took 0 ms.
13:24:56.732 [main] INFO  org.testng.internal.Utils [Utils] MethodGroupsHelper.sortMethods() took 0 ms.
13:24:56.733 [main] INFO  org.testng.internal.Utils [Utils] MethodGroupsHelper.collectMethodsByGroup() took 0 ms.
13:24:56.733 [main] INFO  org.testng.internal.Utils [Utils] MethodGroupsHelper.sortMethods() took 0 ms.
13:24:56.739 [main] INFO  org.testng.internal.Utils [Utils] MethodGroupsHelper.collectMethodsByGroup() took 5 ms.
13:24:56.747 [main] INFO  org.testng.internal.Utils [Utils] MethodGroupsHelper.sortMethods() took 7 ms.
13:24:56.748 [main] INFO  org.testng.internal.Utils [Utils] MethodGroupsHelper.collectMethodsByGroup() took 0 ms.
13:24:56.749 [main] INFO  org.testng.internal.Utils [Utils] MethodGroupsHelper.sortMethods() took 0 ms.
13:24:56.750 [main] INFO  org.testng.internal.Utils [Utils] MethodGroupsHelper.collectMethodsByGroup() took 0 ms.
13:24:56.750 [main] INFO  org.testng.internal.Utils [Utils] MethodGroupsHelper.sortMethods() took 0 ms.
13:24:56.751 [main] INFO  org.testng.internal.Utils [Utils] MethodGroupsHelper.collectMethodsByGroup() took 0 ms.
13:24:56.751 [main] INFO  org.testng.internal.Utils [Utils] MethodGroupsHelper.sortMethods() took 0 ms.
13:24:56.752 [main] INFO  org.testng.internal.Utils [Utils] MethodGroupsHelper.collectMethodsByGroup() took 0 ms.
13:24:56.752 [main] INFO  org.testng.internal.Utils [Utils] MethodGroupsHelper.sortMethods() took 0 ms.
13:24:56.752 [main] INFO  org.testng.internal.Utils [Utils] MethodGroupsHelper.collectMethodsByGroup() took 0 ms.
13:24:56.752 [main] INFO  org.testng.internal.Utils [Utils] MethodGroupsHelper.sortMethods() took 0 ms.
13:24:56.755 [main] INFO  org.testng.internal.Utils [Utils] MethodGroupsHelper.collectMethodsByGroup() took 0 ms.
13:24:56.755 [main] INFO  org.testng.internal.Utils [Utils] MethodGroupsHelper.sortMethods() took 0 ms.
13:24:56.755 [main] INFO  org.testng.internal.Utils [Utils] MethodGroupsHelper.collectMethodsByGroup() took 0 ms.
13:24:56.755 [main] INFO  org.testng.internal.Utils [Utils] MethodGroupsHelper.sortMethods() took 0 ms.
13:24:56.755 [main] INFO  org.testng.internal.Utils [Utils] MethodGroupsHelper.collectMethodsByGroup() took 0 ms.
13:24:56.756 [main] INFO  org.testng.internal.Utils [Utils] MethodGroupsHelper.sortMethods() took 0 ms.
13:24:56.757 [main] INFO  org.testng.internal.Utils [Utils] MethodGroupsHelper.collectMethodsByGroup() took 0 ms.
13:24:56.758 [main] INFO  org.testng.internal.Utils [Utils] MethodGroupsHelper.sortMethods() took 0 ms.
13:24:56.758 [main] INFO  org.testng.internal.Utils [Utils] MethodGroupsHelper.collectMethodsByGroup() took 0 ms.
13:24:56.758 [main] INFO  org.testng.internal.Utils [Utils] MethodGroupsHelper.sortMethods() took 0 ms.
13:24:56.764 [main] INFO  org.testng.internal.Utils [TestNG] Running:
  C:\Users\Isuru\AppData\Local\Temp\testng-eclipse--289843931\testng-customsuite.xml

13:24:56.782 [main] INFO  org.testng.internal.Utils [Utils] DynamicGraphHelper.createDynamicGraph() took 4 ms.
13:25:01.378 [main] INFO  testCases.TC001_AccountRegistrationTest **** Starting TC001_AccountRegistrationTest ****
13:25:01.525 [main] INFO  testCases.TC001_AccountRegistrationTest Clicked on my account Link
13:25:02.482 [main] INFO  testCases.TC001_AccountRegistrationTest Clicked on register Link
13:25:02.485 [main] INFO  testCases.TC001_AccountRegistrationTest Providing user details
13:25:05.938 [main] INFO  testCases.TC001_AccountRegistrationTest Validating expected message..
13:25:05.986 [main] ERROR testCases.TC001_AccountRegistrationTest Test failed...
13:25:05.986 [main] DEBUG testCases.TC001_AccountRegistrationTest Debug logs
13:25:05.987 [main] INFO  testCases.TC001_AccountRegistrationTest **** Finished TC001_AccountRegistrationTest ****
13:25:06.308 [main] INFO  org.testng.internal.Utils [TestNG] Time taken by org.testng.reporters.jq.Main@c27d163: 59 ms
13:25:06.310 [main] INFO  org.testng.internal.Utils [TestNG] Time taken by org.testng.reporters.FailedReporter@37fdfb05: 1 ms
13:25:06.318 [main] INFO  org.testng.internal.Utils [TestNG] Time taken by org.testng.reporters.XMLReporter@2227a6c1: 8 ms
13:25:06.322 [main] INFO  org.testng.internal.Utils [TestNG] Time taken by org.testng.reporters.EmailableReporter2@73ba6fe6: 4 ms
13:25:06.326 [main] INFO  org.testng.internal.Utils [TestNG] Time taken by org.testng.reporters.JUnitReportReporter@7435a578: 4 ms
13:25:06.326 [main] INFO  org.testng.internal.Utils [TestNG] Time taken by org.testng.internal.ExitCodeListener@6093d508: 0 ms
13:28:44.714 [main] DEBUG org.testng.TestNG suiteXmlPath: "C:\Users\Isuru\AppData\Local\Temp\testng-eclipse--1108302243\testng-customsuite.xml"
13:28:44.921 [main] INFO  org.testng.internal.Utils [Utils] MethodGroupsHelper.collectMethodsByGroup() took 0 ms.
13:28:44.923 [main] INFO  org.testng.internal.Utils [Utils] MethodGroupsHelper.sortMethods() took 1 ms.
13:28:44.925 [main] INFO  org.testng.internal.Utils [Utils] MethodGroupsHelper.collectMethodsByGroup() took 0 ms.
13:28:44.925 [main] INFO  org.testng.internal.Utils [Utils] MethodGroupsHelper.sortMethods() took 0 ms.
13:28:44.925 [main] INFO  org.testng.internal.Utils [Utils] MethodGroupsHelper.collectMethodsByGroup() took 0 ms.
13:28:44.926 [main] INFO  org.testng.internal.Utils [Utils] MethodGroupsHelper.sortMethods() took 0 ms.
13:28:44.926 [main] INFO  org.testng.internal.Utils [Utils] MethodGroupsHelper.collectMethodsByGroup() took 0 ms.
13:28:44.926 [main] INFO  org.testng.internal.Utils [Utils] MethodGroupsHelper.sortMethods() took 0 ms.
13:28:44.932 [main] INFO  org.testng.internal.Utils [Utils] MethodGroupsHelper.collectMethodsByGroup() took 3 ms.
13:28:44.940 [main] INFO  org.testng.internal.Utils [Utils] MethodGroupsHelper.sortMethods() took 7 ms.
13:28:44.941 [main] INFO  org.testng.internal.Utils [Utils] MethodGroupsHelper.collectMethodsByGroup() took 0 ms.
13:28:44.942 [main] INFO  org.testng.internal.Utils [Utils] MethodGroupsHelper.sortMethods() took 0 ms.
13:28:44.943 [main] INFO  org.testng.internal.Utils [Utils] MethodGroupsHelper.collectMethodsByGroup() took 0 ms.
13:28:44.943 [main] INFO  org.testng.internal.Utils [Utils] MethodGroupsHelper.sortMethods() took 0 ms.
13:28:44.944 [main] INFO  org.testng.internal.Utils [Utils] MethodGroupsHelper.collectMethodsByGroup() took 0 ms.
13:28:44.944 [main] INFO  org.testng.internal.Utils [Utils] MethodGroupsHelper.sortMethods() took 0 ms.
13:28:44.946 [main] INFO  org.testng.internal.Utils [Utils] MethodGroupsHelper.collectMethodsByGroup() took 0 ms.
13:28:44.947 [main] INFO  org.testng.internal.Utils [Utils] MethodGroupsHelper.sortMethods() took 0 ms.
13:28:44.947 [main] INFO  org.testng.internal.Utils [Utils] MethodGroupsHelper.collectMethodsByGroup() took 0 ms.
13:28:44.947 [main] INFO  org.testng.internal.Utils [Utils] MethodGroupsHelper.sortMethods() took 0 ms.
13:28:44.950 [main] INFO  org.testng.internal.Utils [Utils] MethodGroupsHelper.collectMethodsByGroup() took 0 ms.
13:28:44.950 [main] INFO  org.testng.internal.Utils [Utils] MethodGroupsHelper.sortMethods() took 0 ms.
13:28:44.950 [main] INFO  org.testng.internal.Utils [Utils] MethodGroupsHelper.collectMethodsByGroup() took 0 ms.
13:28:44.950 [main] INFO  org.testng.internal.Utils [Utils] MethodGroupsHelper.sortMethods() took 0 ms.
13:28:44.951 [main] INFO  org.testng.internal.Utils [Utils] MethodGroupsHelper.collectMethodsByGroup() took 0 ms.
13:28:44.951 [main] INFO  org.testng.internal.Utils [Utils] MethodGroupsHelper.sortMethods() took 0 ms.
13:28:44.952 [main] INFO  org.testng.internal.Utils [Utils] MethodGroupsHelper.collectMethodsByGroup() took 0 ms.
13:28:44.952 [main] INFO  org.testng.internal.Utils [Utils] MethodGroupsHelper.sortMethods() took 0 ms.
13:28:44.952 [main] INFO  org.testng.internal.Utils [Utils] MethodGroupsHelper.collectMethodsByGroup() took 0 ms.
13:28:44.952 [main] INFO  org.testng.internal.Utils [Utils] MethodGroupsHelper.sortMethods() took 0 ms.
13:28:44.962 [main] INFO  org.testng.internal.Utils [TestNG] Running:
  C:\Users\Isuru\AppData\Local\Temp\testng-eclipse--1108302243\testng-customsuite.xml

13:28:44.985 [main] INFO  org.testng.internal.Utils [Utils] DynamicGraphHelper.createDynamicGraph() took 5 ms.
13:28:49.254 [main] INFO  testCases.TC001_AccountRegistrationTest **** Starting TC001_AccountRegistrationTest ****
13:28:49.391 [main] INFO  testCases.TC001_AccountRegistrationTest Clicked on my account Link
13:28:50.351 [main] INFO  testCases.TC001_AccountRegistrationTest Clicked on register Link
13:28:50.353 [main] INFO  testCases.TC001_AccountRegistrationTest Providing user details
13:28:51.862 [main] INFO  testCases.TC001_AccountRegistrationTest Validating expected message..
13:28:51.903 [main] ERROR testCases.TC001_AccountRegistrationTest Test failed...
13:28:51.904 [main] DEBUG testCases.TC001_AccountRegistrationTest Debug logs
13:28:52.200 [main] INFO  org.testng.internal.Utils [TestNG] Time taken by org.testng.reporters.jq.Main@72fe8a4f: 73 ms
13:28:52.216 [main] INFO  org.testng.internal.Utils [TestNG] Time taken by org.testng.reporters.FailedReporter@49601f82: 16 ms
13:28:52.224 [main] INFO  org.testng.internal.Utils [TestNG] Time taken by org.testng.reporters.XMLReporter@5e9456ae: 8 ms
13:28:52.231 [main] INFO  org.testng.internal.Utils [TestNG] Time taken by org.testng.reporters.EmailableReporter2@30506c0d: 7 ms
13:28:52.238 [main] INFO  org.testng.internal.Utils [TestNG] Time taken by org.testng.reporters.JUnitReportReporter@2e380628: 6 ms
13:28:52.238 [main] INFO  org.testng.internal.Utils [TestNG] Time taken by org.testng.internal.ExitCodeListener@3b6c624: 0 ms
13:29:09.368 [main] DEBUG org.testng.TestNG suiteXmlPath: "C:\Users\Isuru\AppData\Local\Temp\testng-eclipse-1995897855\testng-customsuite.xml"
13:29:09.574 [main] INFO  org.testng.internal.Utils [Utils] MethodGroupsHelper.collectMethodsByGroup() took 0 ms.
13:29:09.577 [main] INFO  org.testng.internal.Utils [Utils] MethodGroupsHelper.sortMethods() took 0 ms.
13:29:09.578 [main] INFO  org.testng.internal.Utils [Utils] MethodGroupsHelper.collectMethodsByGroup() took 0 ms.
13:29:09.578 [main] INFO  org.testng.internal.Utils [Utils] MethodGroupsHelper.sortMethods() took 0 ms.
13:29:09.578 [main] INFO  org.testng.internal.Utils [Utils] MethodGroupsHelper.collectMethodsByGroup() took 0 ms.
13:29:09.578 [main] INFO  org.testng.internal.Utils [Utils] MethodGroupsHelper.sortMethods() took 0 ms.
13:29:09.579 [main] INFO  org.testng.internal.Utils [Utils] MethodGroupsHelper.collectMethodsByGroup() took 0 ms.
13:29:09.579 [main] INFO  org.testng.internal.Utils [Utils] MethodGroupsHelper.sortMethods() took 0 ms.
13:29:09.585 [main] INFO  org.testng.internal.Utils [Utils] MethodGroupsHelper.collectMethodsByGroup() took 4 ms.
13:29:09.593 [main] INFO  org.testng.internal.Utils [Utils] MethodGroupsHelper.sortMethods() took 7 ms.
13:29:09.594 [main] INFO  org.testng.internal.Utils [Utils] MethodGroupsHelper.collectMethodsByGroup() took 0 ms.
13:29:09.595 [main] INFO  org.testng.internal.Utils [Utils] MethodGroupsHelper.sortMethods() took 0 ms.
13:29:09.595 [main] INFO  org.testng.internal.Utils [Utils] MethodGroupsHelper.collectMethodsByGroup() took 0 ms.
13:29:09.595 [main] INFO  org.testng.internal.Utils [Utils] MethodGroupsHelper.sortMethods() took 0 ms.
13:29:09.596 [main] INFO  org.testng.internal.Utils [Utils] MethodGroupsHelper.collectMethodsByGroup() took 0 ms.
13:29:09.596 [main] INFO  org.testng.internal.Utils [Utils] MethodGroupsHelper.sortMethods() took 0 ms.
13:29:09.598 [main] INFO  org.testng.internal.Utils [Utils] MethodGroupsHelper.collectMethodsByGroup() took 0 ms.
13:29:09.598 [main] INFO  org.testng.internal.Utils [Utils] MethodGroupsHelper.sortMethods() took 0 ms.
13:29:09.598 [main] INFO  org.testng.internal.Utils [Utils] MethodGroupsHelper.collectMethodsByGroup() took 0 ms.
13:29:09.598 [main] INFO  org.testng.internal.Utils [Utils] MethodGroupsHelper.sortMethods() took 0 ms.
13:29:09.600 [main] INFO  org.testng.internal.Utils [Utils] MethodGroupsHelper.collectMethodsByGroup() took 0 ms.
13:29:09.601 [main] INFO  org.testng.internal.Utils [Utils] MethodGroupsHelper.sortMethods() took 0 ms.
13:29:09.601 [main] INFO  org.testng.internal.Utils [Utils] MethodGroupsHelper.collectMethodsByGroup() took 0 ms.
13:29:09.601 [main] INFO  org.testng.internal.Utils [Utils] MethodGroupsHelper.sortMethods() took 0 ms.
13:29:09.602 [main] INFO  org.testng.internal.Utils [Utils] MethodGroupsHelper.collectMethodsByGroup() took 1 ms.
13:29:09.602 [main] INFO  org.testng.internal.Utils [Utils] MethodGroupsHelper.sortMethods() took 0 ms.
13:29:09.604 [main] INFO  org.testng.internal.Utils [Utils] MethodGroupsHelper.collectMethodsByGroup() took 0 ms.
13:29:09.604 [main] INFO  org.testng.internal.Utils [Utils] MethodGroupsHelper.sortMethods() took 0 ms.
13:29:09.604 [main] INFO  org.testng.internal.Utils [Utils] MethodGroupsHelper.collectMethodsByGroup() took 0 ms.
13:29:09.604 [main] INFO  org.testng.internal.Utils [Utils] MethodGroupsHelper.sortMethods() took 0 ms.
13:29:09.611 [main] INFO  org.testng.internal.Utils [TestNG] Running:
  C:\Users\Isuru\AppData\Local\Temp\testng-eclipse-1995897855\testng-customsuite.xml

13:29:09.627 [main] INFO  org.testng.internal.Utils [Utils] DynamicGraphHelper.createDynamicGraph() took 4 ms.
13:29:13.743 [main] INFO  testCases.TC001_AccountRegistrationTest **** Starting TC001_AccountRegistrationTest ****
13:29:13.892 [main] INFO  testCases.TC001_AccountRegistrationTest Clicked on my account Link
13:29:14.767 [main] INFO  testCases.TC001_AccountRegistrationTest Clicked on register Link
13:29:14.770 [main] INFO  testCases.TC001_AccountRegistrationTest Providing user details
13:29:16.015 [main] INFO  testCases.TC001_AccountRegistrationTest Validating expected message..
13:29:16.074 [main] INFO  testCases.TC001_AccountRegistrationTest **** Finished TC001_AccountRegistrationTest ****
13:29:16.353 [main] INFO  org.testng.internal.Utils [TestNG] Time taken by org.testng.reporters.jq.Main@5e39850: 54 ms
13:29:16.354 [main] INFO  org.testng.internal.Utils [TestNG] Time taken by org.testng.reporters.FailedReporter@61799544: 1 ms
13:29:16.360 [main] INFO  org.testng.internal.Utils [TestNG] Time taken by org.testng.reporters.XMLReporter@51ec2df1: 6 ms
13:29:16.366 [main] INFO  org.testng.internal.Utils [TestNG] Time taken by org.testng.reporters.EmailableReporter2@87abc48: 6 ms
13:29:16.373 [main] INFO  org.testng.internal.Utils [TestNG] Time taken by org.testng.reporters.JUnitReportReporter@65bb9029: 7 ms
13:29:16.373 [main] INFO  org.testng.internal.Utils [TestNG] Time taken by org.testng.internal.ExitCodeListener@1bfe3203: 0 ms
15:10:47.808 [main] DEBUG org.testng.TestNG suiteXmlPath: "C:\Users\Isuru\eclipse-workspace\OpencartV121\master.xml"
15:10:48.091 [main] INFO  org.testng.internal.Utils [TestNG] Running:
  C:\Users\Isuru\eclipse-workspace\OpencartV121\master.xml

15:10:56.127 [main] INFO  testCases.TC001_AccountRegistrationTest **** Starting TC001_AccountRegistrationTest ****
15:10:56.432 [main] INFO  testCases.TC001_AccountRegistrationTest Clicked on my account Link
15:10:56.992 [main] INFO  testCases.TC001_AccountRegistrationTest Clicked on register Link
15:10:57.002 [main] INFO  testCases.TC001_AccountRegistrationTest Providing user details
15:10:58.575 [main] INFO  testCases.TC001_AccountRegistrationTest Validating expected message..
15:10:58.636 [main] INFO  testCases.TC001_AccountRegistrationTest **** Finished TC001_AccountRegistrationTest ****
15:24:43.073 [main] DEBUG org.testng.TestNG suiteXmlPath: "C:\Users\Isuru\eclipse-workspace\OpencartV121\master.xml"
15:24:43.318 [main] INFO  org.testng.internal.Utils [TestNG] Running:
  C:\Users\Isuru\eclipse-workspace\OpencartV121\master.xml

15:24:51.018 [main] INFO  testCases.TC001_AccountRegistrationTest **** Starting TC001_AccountRegistrationTest ****
15:24:51.196 [main] INFO  testCases.TC001_AccountRegistrationTest Clicked on my account Link
15:24:51.762 [main] INFO  testCases.TC001_AccountRegistrationTest Clicked on register Link
15:24:51.771 [main] INFO  testCases.TC001_AccountRegistrationTest Providing user details
15:24:53.046 [main] INFO  testCases.TC001_AccountRegistrationTest Validating expected message..
15:24:53.106 [main] INFO  testCases.TC001_AccountRegistrationTest **** Finished TC001_AccountRegistrationTest ****
15:32:20.432 [main] DEBUG org.testng.TestNG suiteXmlPath: "C:\Users\Isuru\eclipse-workspace\OpencartV121\crossbrowsertesting.xml"
15:32:20.750 [main] INFO  org.testng.internal.Utils [TestNG] Running:
  C:\Users\Isuru\eclipse-workspace\OpencartV121\crossbrowsertesting.xml

15:32:24.511 [main] INFO  testCases.TC001_AccountRegistrationTest **** Starting TC001_AccountRegistrationTest ****
15:32:24.890 [main] INFO  testCases.TC001_AccountRegistrationTest Clicked on my account Link
15:32:25.445 [main] INFO  testCases.TC001_AccountRegistrationTest Clicked on register Link
15:32:25.449 [main] INFO  testCases.TC001_AccountRegistrationTest Providing user details
15:32:27.031 [main] INFO  testCases.TC001_AccountRegistrationTest Validating expected message..
15:32:27.085 [main] INFO  testCases.TC001_AccountRegistrationTest **** Finished TC001_AccountRegistrationTest ****
15:32:33.210 [main] INFO  testCases.TC001_AccountRegistrationTest **** Starting TC001_AccountRegistrationTest ****
15:32:33.365 [main] INFO  testCases.TC001_AccountRegistrationTest Clicked on my account Link
15:32:34.017 [main] INFO  testCases.TC001_AccountRegistrationTest Clicked on register Link
15:32:34.017 [main] INFO  testCases.TC001_AccountRegistrationTest Providing user details
15:32:35.394 [main] INFO  testCases.TC001_AccountRegistrationTest Validating expected message..
15:32:35.438 [main] INFO  testCases.TC001_AccountRegistrationTest **** Finished TC001_AccountRegistrationTest ****
15:33:42.712 [main] DEBUG org.testng.TestNG suiteXmlPath: "C:\Users\Isuru\eclipse-workspace\OpencartV121\crossbrowsertesting.xml"
15:33:42.967 [main] INFO  org.testng.internal.Utils [TestNG] Running:
  C:\Users\Isuru\eclipse-workspace\OpencartV121\crossbrowsertesting.xml

15:33:48.230 [TestNG-tests-1] INFO  testCases.TC001_AccountRegistrationTest **** Starting TC001_AccountRegistrationTest ****
15:33:48.455 [TestNG-tests-1] INFO  testCases.TC001_AccountRegistrationTest Clicked on my account Link
15:33:49.121 [TestNG-tests-1] INFO  testCases.TC001_AccountRegistrationTest Clicked on register Link
15:33:49.127 [TestNG-tests-1] INFO  testCases.TC001_AccountRegistrationTest Providing user details
15:33:49.719 [TestNG-tests-2] INFO  testCases.TC001_AccountRegistrationTest **** Starting TC001_AccountRegistrationTest ****
15:33:49.968 [TestNG-tests-2] INFO  testCases.TC001_AccountRegistrationTest Clicked on my account Link
15:33:50.683 [TestNG-tests-2] INFO  testCases.TC001_AccountRegistrationTest Clicked on register Link
15:33:50.684 [TestNG-tests-2] INFO  testCases.TC001_AccountRegistrationTest Providing user details
15:33:51.050 [TestNG-tests-1] INFO  testCases.TC001_AccountRegistrationTest Validating expected message..
15:33:51.112 [TestNG-tests-1] INFO  testCases.TC001_AccountRegistrationTest **** Finished TC001_AccountRegistrationTest ****
15:33:52.503 [TestNG-tests-2] INFO  testCases.TC001_AccountRegistrationTest Validating expected message..
15:33:52.542 [TestNG-tests-2] INFO  testCases.TC001_AccountRegistrationTest **** Finished TC001_AccountRegistrationTest ****
16:27:29.885 [main] DEBUG org.testng.TestNG suiteXmlPath: "C:\Users\Isuru\AppData\Local\Temp\testng-eclipse--173731162\testng-customsuite.xml"
16:27:30.113 [main] INFO  org.testng.internal.Utils [Utils] MethodGroupsHelper.collectMethodsByGroup() took 0 ms.
16:27:30.116 [main] INFO  org.testng.internal.Utils [Utils] MethodGroupsHelper.sortMethods() took 1 ms.
16:27:30.117 [main] INFO  org.testng.internal.Utils [Utils] MethodGroupsHelper.collectMethodsByGroup() took 0 ms.
16:27:30.117 [main] INFO  org.testng.internal.Utils [Utils] MethodGroupsHelper.sortMethods() took 0 ms.
16:27:30.118 [main] INFO  org.testng.internal.Utils [Utils] MethodGroupsHelper.collectMethodsByGroup() took 0 ms.
16:27:30.118 [main] INFO  org.testng.internal.Utils [Utils] MethodGroupsHelper.sortMethods() took 0 ms.
16:27:30.118 [main] INFO  org.testng.internal.Utils [Utils] MethodGroupsHelper.collectMethodsByGroup() took 0 ms.
16:27:30.118 [main] INFO  org.testng.internal.Utils [Utils] MethodGroupsHelper.sortMethods() took 0 ms.
16:27:30.125 [main] INFO  org.testng.internal.Utils [Utils] MethodGroupsHelper.collectMethodsByGroup() took 5 ms.
16:27:30.137 [main] INFO  org.testng.internal.Utils [Utils] MethodGroupsHelper.sortMethods() took 11 ms.
16:27:30.138 [main] INFO  org.testng.internal.Utils [Utils] MethodGroupsHelper.collectMethodsByGroup() took 0 ms.
16:27:30.138 [main] INFO  org.testng.internal.Utils [Utils] MethodGroupsHelper.sortMethods() took 0 ms.
16:27:30.139 [main] INFO  org.testng.internal.Utils [Utils] MethodGroupsHelper.collectMethodsByGroup() took 0 ms.
16:27:30.139 [main] INFO  org.testng.internal.Utils [Utils] MethodGroupsHelper.sortMethods() took 0 ms.
16:27:30.139 [main] INFO  org.testng.internal.Utils [Utils] MethodGroupsHelper.collectMethodsByGroup() took 0 ms.
16:27:30.139 [main] INFO  org.testng.internal.Utils [Utils] MethodGroupsHelper.sortMethods() took 0 ms.
16:27:30.141 [main] INFO  org.testng.internal.Utils [Utils] MethodGroupsHelper.collectMethodsByGroup() took 0 ms.
16:27:30.141 [main] INFO  org.testng.internal.Utils [Utils] MethodGroupsHelper.sortMethods() took 0 ms.
16:27:30.142 [main] INFO  org.testng.internal.Utils [Utils] MethodGroupsHelper.collectMethodsByGroup() took 0 ms.
16:27:30.142 [main] INFO  org.testng.internal.Utils [Utils] MethodGroupsHelper.sortMethods() took 0 ms.
16:27:30.146 [main] INFO  org.testng.internal.Utils [Utils] MethodGroupsHelper.collectMethodsByGroup() took 0 ms.
16:27:30.146 [main] INFO  org.testng.internal.Utils [Utils] MethodGroupsHelper.sortMethods() took 0 ms.
16:27:30.146 [main] INFO  org.testng.internal.Utils [Utils] MethodGroupsHelper.collectMethodsByGroup() took 0 ms.
16:27:30.146 [main] INFO  org.testng.internal.Utils [Utils] MethodGroupsHelper.sortMethods() took 0 ms.
16:27:30.147 [main] INFO  org.testng.internal.Utils [Utils] MethodGroupsHelper.collectMethodsByGroup() took 0 ms.
16:27:30.147 [main] INFO  org.testng.internal.Utils [Utils] MethodGroupsHelper.sortMethods() took 0 ms.
16:27:30.149 [main] INFO  org.testng.internal.Utils [Utils] MethodGroupsHelper.collectMethodsByGroup() took 0 ms.
16:27:30.149 [main] INFO  org.testng.internal.Utils [Utils] MethodGroupsHelper.sortMethods() took 0 ms.
16:27:30.149 [main] INFO  org.testng.internal.Utils [Utils] MethodGroupsHelper.collectMethodsByGroup() took 0 ms.
16:27:30.149 [main] INFO  org.testng.internal.Utils [Utils] MethodGroupsHelper.sortMethods() took 0 ms.
16:27:30.157 [main] INFO  org.testng.internal.Utils [TestNG] Running:
  C:\Users\Isuru\AppData\Local\Temp\testng-eclipse--173731162\testng-customsuite.xml

16:27:30.183 [main] INFO  org.testng.internal.Utils [Utils] DynamicGraphHelper.createDynamicGraph() took 6 ms.
16:27:30.415 [main] INFO  org.testng.internal.Utils [TestNG] Time taken by org.testng.reporters.jq.Main@5d2a4eed: 90 ms
16:27:30.431 [main] INFO  org.testng.internal.Utils [TestNG] Time taken by org.testng.reporters.FailedReporter@62e6b5c8: 16 ms
16:27:30.449 [main] INFO  org.testng.internal.Utils [TestNG] Time taken by org.testng.reporters.XMLReporter@6eeade6c: 18 ms
16:27:30.463 [main] INFO  org.testng.internal.Utils [TestNG] Time taken by org.testng.reporters.EmailableReporter2@62163b39: 13 ms
16:27:30.472 [main] INFO  org.testng.internal.Utils [TestNG] Time taken by org.testng.reporters.JUnitReportReporter@34997338: 8 ms
16:27:30.472 [main] INFO  org.testng.internal.Utils [TestNG] Time taken by org.testng.internal.ExitCodeListener@57eda880: 0 ms
16:27:48.149 [main] DEBUG org.testng.TestNG suiteXmlPath: "C:\Users\Isuru\eclipse-workspace\OpencartV121\master.xml"
16:27:48.448 [main] INFO  org.testng.internal.Utils [TestNG] Running:
  C:\Users\Isuru\eclipse-workspace\OpencartV121\master.xml

16:28:21.651 [main] DEBUG org.testng.TestNG suiteXmlPath: "C:\Users\Isuru\eclipse-workspace\OpencartV121\master.xml"
16:28:21.919 [main] INFO  org.testng.internal.Utils [TestNG] Running:
  C:\Users\Isuru\eclipse-workspace\OpencartV121\master.xml

16:28:37.089 [main] INFO  testCases.TC001_AccountRegistrationTest **** Starting TC001_AccountRegistrationTest ****
16:28:37.275 [main] INFO  testCases.TC001_AccountRegistrationTest Clicked on my account Link
16:28:39.435 [main] INFO  testCases.TC001_AccountRegistrationTest Clicked on register Link
16:28:39.440 [main] INFO  testCases.TC001_AccountRegistrationTest Providing user details
16:28:41.552 [main] INFO  testCases.TC001_AccountRegistrationTest Validating expected message..
16:28:41.595 [main] INFO  testCases.TC001_AccountRegistrationTest **** Finished TC001_AccountRegistrationTest ****
16:28:50.889 [main] DEBUG org.testng.TestNG suiteXmlPath: "C:\Users\Isuru\eclipse-workspace\OpencartV121\master.xml"
16:28:51.122 [main] INFO  org.testng.internal.Utils [TestNG] Running:
  C:\Users\Isuru\eclipse-workspace\OpencartV121\master.xml

16:28:56.436 [main] INFO  testCases.TC001_AccountRegistrationTest **** Starting TC001_AccountRegistrationTest ****
16:28:56.592 [main] INFO  testCases.TC001_AccountRegistrationTest Clicked on my account Link
16:28:57.499 [main] INFO  testCases.TC001_AccountRegistrationTest Clicked on register Link
16:28:57.503 [main] INFO  testCases.TC001_AccountRegistrationTest Providing user details
16:28:58.968 [main] INFO  testCases.TC001_AccountRegistrationTest Validating expected message..
16:28:59.012 [main] INFO  testCases.TC001_AccountRegistrationTest **** Finished TC001_AccountRegistrationTest ****
00:40:22.403 [main] DEBUG org.testng.TestNG suiteXmlPath: "C:\Users\Isuru\eclipse-workspace\OpencartV121\master.xml"
00:40:22.978 [main] INFO  org.testng.internal.Utils [TestNG] Running:
  C:\Users\Isuru\eclipse-workspace\OpencartV121\master.xml

00:40:33.159 [main] INFO  testCases.TC002_LoginTest ***Starting TC_002_LoginTest***
00:41:23.414 [main] DEBUG org.testng.TestNG suiteXmlPath: "C:\Users\Isuru\eclipse-workspace\OpencartV121\master.xml"
00:41:23.666 [main] INFO  org.testng.internal.Utils [TestNG] Running:
  C:\Users\Isuru\eclipse-workspace\OpencartV121\master.xml

00:41:26.776 [main] INFO  testCases.TC002_LoginTest ***Starting TC_002_LoginTest***
00:41:55.149 [main] DEBUG org.testng.TestNG suiteXmlPath: "C:\Users\Isuru\eclipse-workspace\OpencartV121\master.xml"
00:41:55.387 [main] INFO  org.testng.internal.Utils [TestNG] Running:
  C:\Users\Isuru\eclipse-workspace\OpencartV121\master.xml

00:41:58.321 [main] INFO  testCases.TC002_LoginTest ***Starting TC_002_LoginTest***
00:43:55.310 [main] DEBUG org.testng.TestNG suiteXmlPath: "C:\Users\Isuru\eclipse-workspace\OpencartV121\master.xml"
00:43:55.551 [main] INFO  org.testng.internal.Utils [TestNG] Running:
  C:\Users\Isuru\eclipse-workspace\OpencartV121\master.xml

00:43:58.459 [main] INFO  testCases.TC002_LoginTest ***Starting TC_002_LoginTest***
00:44:16.906 [main] DEBUG org.testng.TestNG suiteXmlPath: "C:\Users\Isuru\eclipse-workspace\OpencartV121\master.xml"
00:44:17.183 [main] INFO  org.testng.internal.Utils [TestNG] Running:
  C:\Users\Isuru\eclipse-workspace\OpencartV121\master.xml

00:44:20.131 [main] INFO  testCases.TC002_LoginTest ***Starting TC_002_LoginTest***
00:45:04.918 [main] DEBUG org.testng.TestNG suiteXmlPath: "C:\Users\Isuru\eclipse-workspace\OpencartV121\master.xml"
00:45:05.169 [main] INFO  org.testng.internal.Utils [TestNG] Running:
  C:\Users\Isuru\eclipse-workspace\OpencartV121\master.xml

00:45:08.022 [main] INFO  testCases.TC002_LoginTest ***Starting TC_002_LoginTest***
00:46:41.351 [main] DEBUG org.testng.TestNG suiteXmlPath: "C:\Users\Isuru\eclipse-workspace\OpencartV121\master.xml"
00:46:41.598 [main] INFO  org.testng.internal.Utils [TestNG] Running:
  C:\Users\Isuru\eclipse-workspace\OpencartV121\master.xml

00:46:44.549 [main] INFO  testCases.TC002_LoginTest ***Starting TC_002_LoginTest***
00:55:49.360 [main] DEBUG org.testng.TestNG suiteXmlPath: "C:\Users\Isuru\eclipse-workspace\OpencartV121\master.xml"
00:55:49.610 [main] INFO  org.testng.internal.Utils [TestNG] Running:
  C:\Users\Isuru\eclipse-workspace\OpencartV121\master.xml

00:55:52.823 [main] INFO  testCases.TC002_LoginTest ***Starting TC_002_LoginTest***
00:56:09.803 [main] DEBUG org.testng.TestNG suiteXmlPath: "C:\Users\Isuru\eclipse-workspace\OpencartV121\master.xml"
00:56:10.067 [main] INFO  org.testng.internal.Utils [TestNG] Running:
  C:\Users\Isuru\eclipse-workspace\OpencartV121\master.xml

00:56:13.411 [main] INFO  testCases.TC002_LoginTest ***Starting TC_002_LoginTest***
00:59:13.251 [main] DEBUG org.testng.TestNG suiteXmlPath: "C:\Users\Isuru\eclipse-workspace\OpencartV121\master.xml"
00:59:13.497 [main] INFO  org.testng.internal.Utils [TestNG] Running:
  C:\Users\Isuru\eclipse-workspace\OpencartV121\master.xml

00:59:16.607 [main] INFO  testCases.TC002_LoginTest ***Starting TC_002_LoginTest***
01:00:33.136 [main] DEBUG org.testng.TestNG suiteXmlPath: "C:\Users\Isuru\eclipse-workspace\OpencartV121\master.xml"
01:00:33.373 [main] INFO  org.testng.internal.Utils [TestNG] Running:
  C:\Users\Isuru\eclipse-workspace\OpencartV121\master.xml

01:00:37.103 [main] INFO  testCases.TC002_LoginTest ***Starting TC_002_LoginTest***
01:02:27.498 [main] DEBUG org.testng.TestNG suiteXmlPath: "C:\Users\Isuru\eclipse-workspace\OpencartV121\master.xml"
01:02:27.783 [main] INFO  org.testng.internal.Utils [TestNG] Running:
  C:\Users\Isuru\eclipse-workspace\OpencartV121\master.xml

01:02:31.673 [main] INFO  testCases.TC002_LoginTest ***Starting TC_002_LoginTest***
01:03:08.912 [main] DEBUG org.testng.TestNG suiteXmlPath: "C:\Users\Isuru\eclipse-workspace\OpencartV121\master.xml"
01:03:09.178 [main] INFO  org.testng.internal.Utils [TestNG] Running:
  C:\Users\Isuru\eclipse-workspace\OpencartV121\master.xml

01:03:12.545 [main] INFO  testCases.TC002_LoginTest ***Starting TC_002_LoginTest***
01:12:09.960 [main] DEBUG org.testng.TestNG suiteXmlPath: "C:\Users\Isuru\eclipse-workspace\OpencartV121\master.xml"
01:12:10.234 [main] INFO  org.testng.internal.Utils [TestNG] Running:
  C:\Users\Isuru\eclipse-workspace\OpencartV121\master.xml

01:12:13.818 [main] INFO  testCases.TC002_LoginTest ***Starting TC_002_LoginTest***
01:12:15.289 [main] INFO  testCases.TC002_LoginTest ***Finished TC_002_LoginTest***
13:37:03.453 [main] DEBUG org.testng.TestNG suiteXmlPath: "C:\Users\Isuru\eclipse-workspace\OpencartV121\master.xml"
13:37:04.052 [main] INFO  org.testng.internal.Utils [TestNG] Running:
  C:\Users\Isuru\eclipse-workspace\OpencartV121\master.xml

13:37:12.937 [main] DEBUG org.apache.poi.openxml4j.opc.PackageRelationshipCollection Parsing relationship: /xl/_rels/workbook.xml.rels
13:37:12.945 [main] DEBUG org.apache.poi.openxml4j.opc.PackageRelationshipCollection Parsing relationship: /xl/worksheets/_rels/sheet1.xml.rels
13:37:12.951 [main] DEBUG org.apache.poi.openxml4j.opc.PackageRelationshipCollection Parsing relationship: /_rels/.rels
13:37:13.752 [main] DEBUG org.apache.poi.openxml4j.opc.PackageRelationshipCollection Parsing relationship: /xl/_rels/workbook.xml.rels
13:37:13.754 [main] DEBUG org.apache.poi.openxml4j.opc.PackageRelationshipCollection Parsing relationship: /xl/worksheets/_rels/sheet1.xml.rels
13:37:13.755 [main] DEBUG org.apache.poi.openxml4j.opc.PackageRelationshipCollection Parsing relationship: /_rels/.rels
13:37:13.800 [main] DEBUG org.apache.poi.openxml4j.opc.PackageRelationshipCollection Parsing relationship: /xl/_rels/workbook.xml.rels
13:37:13.801 [main] DEBUG org.apache.poi.openxml4j.opc.PackageRelationshipCollection Parsing relationship: /xl/worksheets/_rels/sheet1.xml.rels
13:37:13.801 [main] DEBUG org.apache.poi.openxml4j.opc.PackageRelationshipCollection Parsing relationship: /_rels/.rels
13:37:13.843 [main] DEBUG org.apache.poi.openxml4j.opc.PackageRelationshipCollection Parsing relationship: /xl/_rels/workbook.xml.rels
13:37:13.844 [main] DEBUG org.apache.poi.openxml4j.opc.PackageRelationshipCollection Parsing relationship: /xl/worksheets/_rels/sheet1.xml.rels
13:37:13.846 [main] DEBUG org.apache.poi.openxml4j.opc.PackageRelationshipCollection Parsing relationship: /_rels/.rels
13:37:13.884 [main] DEBUG org.apache.poi.openxml4j.opc.PackageRelationshipCollection Parsing relationship: /xl/_rels/workbook.xml.rels
13:37:13.885 [main] DEBUG org.apache.poi.openxml4j.opc.PackageRelationshipCollection Parsing relationship: /xl/worksheets/_rels/sheet1.xml.rels
13:37:13.886 [main] DEBUG org.apache.poi.openxml4j.opc.PackageRelationshipCollection Parsing relationship: /_rels/.rels
13:37:13.929 [main] DEBUG org.apache.poi.openxml4j.opc.PackageRelationshipCollection Parsing relationship: /xl/_rels/workbook.xml.rels
13:37:13.932 [main] DEBUG org.apache.poi.openxml4j.opc.PackageRelationshipCollection Parsing relationship: /xl/worksheets/_rels/sheet1.xml.rels
13:37:13.933 [main] DEBUG org.apache.poi.openxml4j.opc.PackageRelationshipCollection Parsing relationship: /_rels/.rels
13:37:14.028 [main] DEBUG org.apache.poi.openxml4j.opc.PackageRelationshipCollection Parsing relationship: /xl/_rels/workbook.xml.rels
13:37:14.036 [main] DEBUG org.apache.poi.openxml4j.opc.PackageRelationshipCollection Parsing relationship: /xl/worksheets/_rels/sheet1.xml.rels
13:37:14.037 [main] DEBUG org.apache.poi.openxml4j.opc.PackageRelationshipCollection Parsing relationship: /_rels/.rels
13:37:14.067 [main] DEBUG org.apache.poi.openxml4j.opc.PackageRelationshipCollection Parsing relationship: /xl/_rels/workbook.xml.rels
13:37:14.069 [main] DEBUG org.apache.poi.openxml4j.opc.PackageRelationshipCollection Parsing relationship: /xl/worksheets/_rels/sheet1.xml.rels
13:37:14.071 [main] DEBUG org.apache.poi.openxml4j.opc.PackageRelationshipCollection Parsing relationship: /_rels/.rels
13:37:14.114 [main] DEBUG org.apache.poi.openxml4j.opc.PackageRelationshipCollection Parsing relationship: /xl/_rels/workbook.xml.rels
13:37:14.116 [main] DEBUG org.apache.poi.openxml4j.opc.PackageRelationshipCollection Parsing relationship: /xl/worksheets/_rels/sheet1.xml.rels
13:37:14.117 [main] DEBUG org.apache.poi.openxml4j.opc.PackageRelationshipCollection Parsing relationship: /_rels/.rels
13:37:14.163 [main] DEBUG org.apache.poi.openxml4j.opc.PackageRelationshipCollection Parsing relationship: /xl/_rels/workbook.xml.rels
13:37:14.165 [main] DEBUG org.apache.poi.openxml4j.opc.PackageRelationshipCollection Parsing relationship: /xl/worksheets/_rels/sheet1.xml.rels
13:37:14.167 [main] DEBUG org.apache.poi.openxml4j.opc.PackageRelationshipCollection Parsing relationship: /_rels/.rels
13:37:14.222 [main] DEBUG org.apache.poi.openxml4j.opc.PackageRelationshipCollection Parsing relationship: /xl/_rels/workbook.xml.rels
13:37:14.224 [main] DEBUG org.apache.poi.openxml4j.opc.PackageRelationshipCollection Parsing relationship: /xl/worksheets/_rels/sheet1.xml.rels
13:37:14.225 [main] DEBUG org.apache.poi.openxml4j.opc.PackageRelationshipCollection Parsing relationship: /_rels/.rels
13:37:14.275 [main] DEBUG org.apache.poi.openxml4j.opc.PackageRelationshipCollection Parsing relationship: /xl/_rels/workbook.xml.rels
13:37:14.277 [main] DEBUG org.apache.poi.openxml4j.opc.PackageRelationshipCollection Parsing relationship: /xl/worksheets/_rels/sheet1.xml.rels
13:37:14.279 [main] DEBUG org.apache.poi.openxml4j.opc.PackageRelationshipCollection Parsing relationship: /_rels/.rels
13:37:14.323 [main] DEBUG org.apache.poi.openxml4j.opc.PackageRelationshipCollection Parsing relationship: /xl/_rels/workbook.xml.rels
13:37:14.324 [main] DEBUG org.apache.poi.openxml4j.opc.PackageRelationshipCollection Parsing relationship: /xl/worksheets/_rels/sheet1.xml.rels
13:37:14.327 [main] DEBUG org.apache.poi.openxml4j.opc.PackageRelationshipCollection Parsing relationship: /_rels/.rels
13:37:14.372 [main] DEBUG org.apache.poi.openxml4j.opc.PackageRelationshipCollection Parsing relationship: /xl/_rels/workbook.xml.rels
13:37:14.374 [main] DEBUG org.apache.poi.openxml4j.opc.PackageRelationshipCollection Parsing relationship: /xl/worksheets/_rels/sheet1.xml.rels
13:37:14.376 [main] DEBUG org.apache.poi.openxml4j.opc.PackageRelationshipCollection Parsing relationship: /_rels/.rels
13:37:14.424 [main] DEBUG org.apache.poi.openxml4j.opc.PackageRelationshipCollection Parsing relationship: /xl/_rels/workbook.xml.rels
13:37:14.425 [main] DEBUG org.apache.poi.openxml4j.opc.PackageRelationshipCollection Parsing relationship: /xl/worksheets/_rels/sheet1.xml.rels
13:37:14.427 [main] DEBUG org.apache.poi.openxml4j.opc.PackageRelationshipCollection Parsing relationship: /_rels/.rels
13:37:14.471 [main] DEBUG org.apache.poi.openxml4j.opc.PackageRelationshipCollection Parsing relationship: /xl/_rels/workbook.xml.rels
13:37:14.473 [main] DEBUG org.apache.poi.openxml4j.opc.PackageRelationshipCollection Parsing relationship: /xl/worksheets/_rels/sheet1.xml.rels
13:37:14.474 [main] DEBUG org.apache.poi.openxml4j.opc.PackageRelationshipCollection Parsing relationship: /_rels/.rels
