12:24:28.440 [main] DEBUG org.testng.TestNG suiteXmlPath: "C:\Users\Isuru\AppData\Local\Temp\testng-eclipse--1024495905\testng-customsuite.xml"
12:24:28.651 [main] INFO  org.testng.internal.Utils [Utils] MethodGroupsHelper.collectMethodsByGroup() took 0 ms.
12:24:28.655 [main] INFO  org.testng.internal.Utils [Utils] MethodGroupsHelper.sortMethods() took 1 ms.
12:24:28.656 [main] INFO  org.testng.internal.Utils [Utils] MethodGroupsHelper.collectMethodsByGroup() took 0 ms.
12:24:28.656 [main] INFO  org.testng.internal.Utils [Utils] MethodGroupsHelper.sortMethods() took 0 ms.
12:24:28.657 [main] INFO  org.testng.internal.Utils [Utils] MethodGroupsHelper.collectMethodsByGroup() took 0 ms.
12:24:28.659 [main] INFO  org.testng.internal.Utils [Utils] MethodGroupsHelper.sortMethods() took 0 ms.
12:24:28.660 [main] INFO  org.testng.internal.Utils [Utils] MethodGroupsHelper.collectMethodsByGroup() took 0 ms.
12:24:28.660 [main] INFO  org.testng.internal.Utils [Utils] MethodGroupsHelper.sortMethods() took 0 ms.
12:24:28.667 [main] INFO  org.testng.internal.Utils [Utils] MethodGroupsHelper.collectMethodsByGroup() took 4 ms.
12:24:28.674 [main] INFO  org.testng.internal.Utils [Utils] MethodGroupsHelper.sortMethods() took 6 ms.
12:24:28.676 [main] INFO  org.testng.internal.Utils [Utils] MethodGroupsHelper.collectMethodsByGroup() took 0 ms.
12:24:28.676 [main] INFO  org.testng.internal.Utils [Utils] MethodGroupsHelper.sortMethods() took 0 ms.
12:24:28.676 [main] INFO  org.testng.internal.Utils [Utils] MethodGroupsHelper.collectMethodsByGroup() took 0 ms.
12:24:28.676 [main] INFO  org.testng.internal.Utils [Utils] MethodGroupsHelper.sortMethods() took 0 ms.
12:24:28.677 [main] INFO  org.testng.internal.Utils [Utils] MethodGroupsHelper.collectMethodsByGroup() took 0 ms.
12:24:28.677 [main] INFO  org.testng.internal.Utils [Utils] MethodGroupsHelper.sortMethods() took 0 ms.
12:24:28.679 [main] INFO  org.testng.internal.Utils [Utils] MethodGroupsHelper.collectMethodsByGroup() took 0 ms.
12:24:28.679 [main] INFO  org.testng.internal.Utils [Utils] MethodGroupsHelper.sortMethods() took 0 ms.
12:24:28.680 [main] INFO  org.testng.internal.Utils [Utils] MethodGroupsHelper.collectMethodsByGroup() took 0 ms.
12:24:28.680 [main] INFO  org.testng.internal.Utils [Utils] MethodGroupsHelper.sortMethods() took 0 ms.
12:24:28.682 [main] INFO  org.testng.internal.Utils [Utils] MethodGroupsHelper.collectMethodsByGroup() took 0 ms.
12:24:28.682 [main] INFO  org.testng.internal.Utils [Utils] MethodGroupsHelper.sortMethods() took 0 ms.
12:24:28.682 [main] INFO  org.testng.internal.Utils [Utils] MethodGroupsHelper.collectMethodsByGroup() took 0 ms.
12:24:28.682 [main] INFO  org.testng.internal.Utils [Utils] MethodGroupsHelper.sortMethods() took 0 ms.
12:24:28.683 [main] INFO  org.testng.internal.Utils [Utils] MethodGroupsHelper.collectMethodsByGroup() took 0 ms.
12:24:28.683 [main] INFO  org.testng.internal.Utils [Utils] MethodGroupsHelper.sortMethods() took 0 ms.
12:24:28.684 [main] INFO  org.testng.internal.Utils [Utils] MethodGroupsHelper.collectMethodsByGroup() took 0 ms.
12:24:28.685 [main] INFO  org.testng.internal.Utils [Utils] MethodGroupsHelper.sortMethods() took 0 ms.
12:24:28.685 [main] INFO  org.testng.internal.Utils [Utils] MethodGroupsHelper.collectMethodsByGroup() took 0 ms.
12:24:28.685 [main] INFO  org.testng.internal.Utils [Utils] MethodGroupsHelper.sortMethods() took 0 ms.
12:24:28.693 [main] INFO  org.testng.internal.Utils [TestNG] Running:
  C:\Users\Isuru\AppData\Local\Temp\testng-eclipse--1024495905\testng-customsuite.xml

12:24:28.713 [main] INFO  org.testng.internal.Utils [Utils] DynamicGraphHelper.createDynamicGraph() took 4 ms.
12:24:31.536 [main] INFO  testCases.TC001_AccountRegistrationTest **** Starting TC001_AccountRegistrationTest ****
12:24:31.765 [main] INFO  testCases.TC001_AccountRegistrationTest Clicked on my account Link
12:24:32.270 [main] INFO  testCases.TC001_AccountRegistrationTest Clicked on register Link
12:24:32.274 [main] INFO  testCases.TC001_AccountRegistrationTest Providing user details
12:24:33.465 [main] INFO  testCases.TC001_AccountRegistrationTest Validating expected message..
12:24:33.504 [main] ERROR testCases.TC001_AccountRegistrationTest Test failed...
12:24:33.504 [main] DEBUG testCases.TC001_AccountRegistrationTest Debug logs
12:24:33.506 [main] INFO  testCases.TC001_AccountRegistrationTest **** Finished TC001_AccountRegistrationTest ****
12:24:33.774 [main] INFO  org.testng.internal.Utils [TestNG] Time taken by org.testng.reporters.jq.Main@5e39850: 52 ms
12:24:33.775 [main] INFO  org.testng.internal.Utils [TestNG] Time taken by org.testng.reporters.FailedReporter@61799544: 1 ms
12:24:33.781 [main] INFO  org.testng.internal.Utils [TestNG] Time taken by org.testng.reporters.XMLReporter@51ec2df1: 6 ms
12:24:33.787 [main] INFO  org.testng.internal.Utils [TestNG] Time taken by org.testng.reporters.EmailableReporter2@87abc48: 5 ms
12:24:33.793 [main] INFO  org.testng.internal.Utils [TestNG] Time taken by org.testng.reporters.JUnitReportReporter@65bb9029: 5 ms
12:24:33.794 [main] INFO  org.testng.internal.Utils [TestNG] Time taken by org.testng.internal.ExitCodeListener@1bfe3203: 0 ms
12:24:57.269 [main] DEBUG org.testng.TestNG suiteXmlPath: "C:\Users\Isuru\AppData\Local\Temp\testng-eclipse--1381311377\testng-customsuite.xml"
12:24:57.469 [main] INFO  org.testng.internal.Utils [Utils] MethodGroupsHelper.collectMethodsByGroup() took 0 ms.
12:24:57.472 [main] INFO  org.testng.internal.Utils [Utils] MethodGroupsHelper.sortMethods() took 1 ms.
12:24:57.474 [main] INFO  org.testng.internal.Utils [Utils] MethodGroupsHelper.collectMethodsByGroup() took 0 ms.
12:24:57.474 [main] INFO  org.testng.internal.Utils [Utils] MethodGroupsHelper.sortMethods() took 0 ms.
12:24:57.474 [main] INFO  org.testng.internal.Utils [Utils] MethodGroupsHelper.collectMethodsByGroup() took 0 ms.
12:24:57.474 [main] INFO  org.testng.internal.Utils [Utils] MethodGroupsHelper.sortMethods() took 0 ms.
12:24:57.474 [main] INFO  org.testng.internal.Utils [Utils] MethodGroupsHelper.collectMethodsByGroup() took 0 ms.
12:24:57.474 [main] INFO  org.testng.internal.Utils [Utils] MethodGroupsHelper.sortMethods() took 0 ms.
12:24:57.480 [main] INFO  org.testng.internal.Utils [Utils] MethodGroupsHelper.collectMethodsByGroup() took 4 ms.
12:24:57.487 [main] INFO  org.testng.internal.Utils [Utils] MethodGroupsHelper.sortMethods() took 7 ms.
12:24:57.489 [main] INFO  org.testng.internal.Utils [Utils] MethodGroupsHelper.collectMethodsByGroup() took 0 ms.
12:24:57.489 [main] INFO  org.testng.internal.Utils [Utils] MethodGroupsHelper.sortMethods() took 0 ms.
12:24:57.490 [main] INFO  org.testng.internal.Utils [Utils] MethodGroupsHelper.collectMethodsByGroup() took 0 ms.
12:24:57.490 [main] INFO  org.testng.internal.Utils [Utils] MethodGroupsHelper.sortMethods() took 0 ms.
12:24:57.491 [main] INFO  org.testng.internal.Utils [Utils] MethodGroupsHelper.collectMethodsByGroup() took 0 ms.
12:24:57.491 [main] INFO  org.testng.internal.Utils [Utils] MethodGroupsHelper.sortMethods() took 0 ms.
12:24:57.492 [main] INFO  org.testng.internal.Utils [Utils] MethodGroupsHelper.collectMethodsByGroup() took 0 ms.
12:24:57.492 [main] INFO  org.testng.internal.Utils [Utils] MethodGroupsHelper.sortMethods() took 0 ms.
12:24:57.493 [main] INFO  org.testng.internal.Utils [Utils] MethodGroupsHelper.collectMethodsByGroup() took 0 ms.
12:24:57.493 [main] INFO  org.testng.internal.Utils [Utils] MethodGroupsHelper.sortMethods() took 0 ms.
12:24:57.495 [main] INFO  org.testng.internal.Utils [Utils] MethodGroupsHelper.collectMethodsByGroup() took 0 ms.
12:24:57.495 [main] INFO  org.testng.internal.Utils [Utils] MethodGroupsHelper.sortMethods() took 0 ms.
12:24:57.495 [main] INFO  org.testng.internal.Utils [Utils] MethodGroupsHelper.collectMethodsByGroup() took 0 ms.
12:24:57.495 [main] INFO  org.testng.internal.Utils [Utils] MethodGroupsHelper.sortMethods() took 0 ms.
12:24:57.496 [main] INFO  org.testng.internal.Utils [Utils] MethodGroupsHelper.collectMethodsByGroup() took 1 ms.
12:24:57.496 [main] INFO  org.testng.internal.Utils [Utils] MethodGroupsHelper.sortMethods() took 0 ms.
12:24:57.497 [main] INFO  org.testng.internal.Utils [Utils] MethodGroupsHelper.collectMethodsByGroup() took 0 ms.
12:24:57.497 [main] INFO  org.testng.internal.Utils [Utils] MethodGroupsHelper.sortMethods() took 0 ms.
12:24:57.497 [main] INFO  org.testng.internal.Utils [Utils] MethodGroupsHelper.collectMethodsByGroup() took 0 ms.
12:24:57.497 [main] INFO  org.testng.internal.Utils [Utils] MethodGroupsHelper.sortMethods() took 0 ms.
12:24:57.505 [main] INFO  org.testng.internal.Utils [TestNG] Running:
  C:\Users\Isuru\AppData\Local\Temp\testng-eclipse--1381311377\testng-customsuite.xml

12:24:57.524 [main] INFO  org.testng.internal.Utils [Utils] DynamicGraphHelper.createDynamicGraph() took 5 ms.
12:25:00.363 [main] INFO  testCases.TC001_AccountRegistrationTest **** Starting TC001_AccountRegistrationTest ****
12:25:00.695 [main] INFO  testCases.TC001_AccountRegistrationTest Clicked on my account Link
12:25:01.172 [main] INFO  testCases.TC001_AccountRegistrationTest Clicked on register Link
12:25:01.176 [main] INFO  testCases.TC001_AccountRegistrationTest Providing user details
12:25:04.325 [main] INFO  testCases.TC001_AccountRegistrationTest Validating expected message..
12:25:04.361 [main] ERROR testCases.TC001_AccountRegistrationTest Test failed...
12:25:04.361 [main] DEBUG testCases.TC001_AccountRegistrationTest Debug logs
12:25:04.618 [main] INFO  org.testng.internal.Utils [TestNG] Time taken by org.testng.reporters.jq.Main@64138b0c: 53 ms
12:25:04.629 [main] INFO  org.testng.internal.Utils [TestNG] Time taken by org.testng.reporters.FailedReporter@60dd3c23: 11 ms
12:25:04.635 [main] INFO  org.testng.internal.Utils [TestNG] Time taken by org.testng.reporters.XMLReporter@675ffd1d: 6 ms
12:25:04.642 [main] INFO  org.testng.internal.Utils [TestNG] Time taken by org.testng.reporters.EmailableReporter2@652ab8d9: 6 ms
12:25:04.649 [main] INFO  org.testng.internal.Utils [TestNG] Time taken by org.testng.reporters.JUnitReportReporter@5f13be1: 7 ms
12:25:04.649 [main] INFO  org.testng.internal.Utils [TestNG] Time taken by org.testng.internal.ExitCodeListener@5f303ecd: 0 ms
12:33:21.348 [main] DEBUG org.testng.TestNG suiteXmlPath: "C:\Users\Isuru\AppData\Local\Temp\testng-eclipse-371339167\testng-customsuite.xml"
12:33:21.580 [main] INFO  org.testng.internal.Utils [Utils] MethodGroupsHelper.collectMethodsByGroup() took 0 ms.
12:33:21.582 [main] INFO  org.testng.internal.Utils [Utils] MethodGroupsHelper.sortMethods() took 0 ms.
12:33:21.584 [main] INFO  org.testng.internal.Utils [Utils] MethodGroupsHelper.collectMethodsByGroup() took 0 ms.
12:33:21.584 [main] INFO  org.testng.internal.Utils [Utils] MethodGroupsHelper.sortMethods() took 0 ms.
12:33:21.586 [main] INFO  org.testng.internal.Utils [Utils] MethodGroupsHelper.collectMethodsByGroup() took 0 ms.
12:33:21.586 [main] INFO  org.testng.internal.Utils [Utils] MethodGroupsHelper.sortMethods() took 0 ms.
12:33:21.587 [main] INFO  org.testng.internal.Utils [Utils] MethodGroupsHelper.collectMethodsByGroup() took 0 ms.
12:33:21.587 [main] INFO  org.testng.internal.Utils [Utils] MethodGroupsHelper.sortMethods() took 0 ms.
12:33:21.594 [main] INFO  org.testng.internal.Utils [Utils] MethodGroupsHelper.collectMethodsByGroup() took 4 ms.
12:33:21.603 [main] INFO  org.testng.internal.Utils [Utils] MethodGroupsHelper.sortMethods() took 9 ms.
12:33:21.605 [main] INFO  org.testng.internal.Utils [Utils] MethodGroupsHelper.collectMethodsByGroup() took 0 ms.
12:33:21.605 [main] INFO  org.testng.internal.Utils [Utils] MethodGroupsHelper.sortMethods() took 0 ms.
12:33:21.605 [main] INFO  org.testng.internal.Utils [Utils] MethodGroupsHelper.collectMethodsByGroup() took 0 ms.
12:33:21.605 [main] INFO  org.testng.internal.Utils [Utils] MethodGroupsHelper.sortMethods() took 0 ms.
12:33:21.606 [main] INFO  org.testng.internal.Utils [Utils] MethodGroupsHelper.collectMethodsByGroup() took 0 ms.
12:33:21.606 [main] INFO  org.testng.internal.Utils [Utils] MethodGroupsHelper.sortMethods() took 0 ms.
12:33:21.607 [main] INFO  org.testng.internal.Utils [Utils] MethodGroupsHelper.collectMethodsByGroup() took 0 ms.
12:33:21.607 [main] INFO  org.testng.internal.Utils [Utils] MethodGroupsHelper.sortMethods() took 0 ms.
12:33:21.608 [main] INFO  org.testng.internal.Utils [Utils] MethodGroupsHelper.collectMethodsByGroup() took 0 ms.
12:33:21.608 [main] INFO  org.testng.internal.Utils [Utils] MethodGroupsHelper.sortMethods() took 0 ms.
12:33:21.610 [main] INFO  org.testng.internal.Utils [Utils] MethodGroupsHelper.collectMethodsByGroup() took 0 ms.
12:33:21.610 [main] INFO  org.testng.internal.Utils [Utils] MethodGroupsHelper.sortMethods() took 0 ms.
12:33:21.610 [main] INFO  org.testng.internal.Utils [Utils] MethodGroupsHelper.collectMethodsByGroup() took 0 ms.
12:33:21.610 [main] INFO  org.testng.internal.Utils [Utils] MethodGroupsHelper.sortMethods() took 0 ms.
12:33:21.611 [main] INFO  org.testng.internal.Utils [Utils] MethodGroupsHelper.collectMethodsByGroup() took 0 ms.
12:33:21.612 [main] INFO  org.testng.internal.Utils [Utils] MethodGroupsHelper.sortMethods() took 0 ms.
12:33:21.613 [main] INFO  org.testng.internal.Utils [Utils] MethodGroupsHelper.collectMethodsByGroup() took 0 ms.
12:33:21.613 [main] INFO  org.testng.internal.Utils [Utils] MethodGroupsHelper.sortMethods() took 0 ms.
12:33:21.613 [main] INFO  org.testng.internal.Utils [Utils] MethodGroupsHelper.collectMethodsByGroup() took 0 ms.
12:33:21.613 [main] INFO  org.testng.internal.Utils [Utils] MethodGroupsHelper.sortMethods() took 0 ms.
12:33:21.624 [main] INFO  org.testng.internal.Utils [TestNG] Running:
  C:\Users\Isuru\AppData\Local\Temp\testng-eclipse-371339167\testng-customsuite.xml

12:33:21.645 [main] INFO  org.testng.internal.Utils [Utils] DynamicGraphHelper.createDynamicGraph() took 3 ms.
12:33:26.281 [main] INFO  testCases.TC001_AccountRegistrationTest **** Starting TC001_AccountRegistrationTest ****
12:33:26.444 [main] INFO  testCases.TC001_AccountRegistrationTest Clicked on my account Link
12:33:27.158 [main] INFO  testCases.TC001_AccountRegistrationTest Clicked on register Link
12:33:27.163 [main] INFO  testCases.TC001_AccountRegistrationTest Providing user details
12:33:28.539 [main] INFO  testCases.TC001_AccountRegistrationTest Validating expected message..
12:33:28.605 [main] ERROR testCases.TC001_AccountRegistrationTest Test failed...
12:33:28.606 [main] DEBUG testCases.TC001_AccountRegistrationTest Debug logs
12:33:28.608 [main] INFO  testCases.TC001_AccountRegistrationTest **** Finished TC001_AccountRegistrationTest ****
12:33:28.907 [main] INFO  org.testng.internal.Utils [TestNG] Time taken by org.testng.reporters.jq.Main@5e39850: 69 ms
12:33:28.909 [main] INFO  org.testng.internal.Utils [TestNG] Time taken by org.testng.reporters.FailedReporter@61799544: 1 ms
12:33:28.914 [main] INFO  org.testng.internal.Utils [TestNG] Time taken by org.testng.reporters.XMLReporter@51ec2df1: 5 ms
12:33:28.924 [main] INFO  org.testng.internal.Utils [TestNG] Time taken by org.testng.reporters.EmailableReporter2@87abc48: 10 ms
12:33:28.928 [main] INFO  org.testng.internal.Utils [TestNG] Time taken by org.testng.reporters.JUnitReportReporter@65bb9029: 4 ms
12:33:28.928 [main] INFO  org.testng.internal.Utils [TestNG] Time taken by org.testng.internal.ExitCodeListener@1bfe3203: 0 ms
12:38:49.790 [main] DEBUG org.testng.TestNG suiteXmlPath: "C:\Users\Isuru\AppData\Local\Temp\testng-eclipse--555457468\testng-customsuite.xml"
12:38:49.985 [main] INFO  org.testng.internal.Utils [Utils] MethodGroupsHelper.collectMethodsByGroup() took 0 ms.
12:38:49.989 [main] INFO  org.testng.internal.Utils [Utils] MethodGroupsHelper.sortMethods() took 1 ms.
12:38:49.991 [main] INFO  org.testng.internal.Utils [Utils] MethodGroupsHelper.collectMethodsByGroup() took 0 ms.
12:38:49.991 [main] INFO  org.testng.internal.Utils [Utils] MethodGroupsHelper.sortMethods() took 0 ms.
12:38:49.991 [main] INFO  org.testng.internal.Utils [Utils] MethodGroupsHelper.collectMethodsByGroup() took 0 ms.
12:38:49.992 [main] INFO  org.testng.internal.Utils [Utils] MethodGroupsHelper.sortMethods() took 0 ms.
12:38:49.992 [main] INFO  org.testng.internal.Utils [Utils] MethodGroupsHelper.collectMethodsByGroup() took 0 ms.
12:38:49.992 [main] INFO  org.testng.internal.Utils [Utils] MethodGroupsHelper.sortMethods() took 0 ms.
12:38:50.003 [main] INFO  org.testng.internal.Utils [Utils] MethodGroupsHelper.collectMethodsByGroup() took 8 ms.
12:38:50.012 [main] INFO  org.testng.internal.Utils [Utils] MethodGroupsHelper.sortMethods() took 9 ms.
12:38:50.013 [main] INFO  org.testng.internal.Utils [Utils] MethodGroupsHelper.collectMethodsByGroup() took 0 ms.
12:38:50.014 [main] INFO  org.testng.internal.Utils [Utils] MethodGroupsHelper.sortMethods() took 0 ms.
12:38:50.014 [main] INFO  org.testng.internal.Utils [Utils] MethodGroupsHelper.collectMethodsByGroup() took 0 ms.
12:38:50.014 [main] INFO  org.testng.internal.Utils [Utils] MethodGroupsHelper.sortMethods() took 0 ms.
12:38:50.015 [main] INFO  org.testng.internal.Utils [Utils] MethodGroupsHelper.collectMethodsByGroup() took 0 ms.
12:38:50.015 [main] INFO  org.testng.internal.Utils [Utils] MethodGroupsHelper.sortMethods() took 0 ms.
12:38:50.017 [main] INFO  org.testng.internal.Utils [Utils] MethodGroupsHelper.collectMethodsByGroup() took 0 ms.
12:38:50.017 [main] INFO  org.testng.internal.Utils [Utils] MethodGroupsHelper.sortMethods() took 0 ms.
12:38:50.018 [main] INFO  org.testng.internal.Utils [Utils] MethodGroupsHelper.collectMethodsByGroup() took 0 ms.
12:38:50.018 [main] INFO  org.testng.internal.Utils [Utils] MethodGroupsHelper.sortMethods() took 0 ms.
12:38:50.020 [main] INFO  org.testng.internal.Utils [Utils] MethodGroupsHelper.collectMethodsByGroup() took 0 ms.
12:38:50.020 [main] INFO  org.testng.internal.Utils [Utils] MethodGroupsHelper.sortMethods() took 0 ms.
12:38:50.020 [main] INFO  org.testng.internal.Utils [Utils] MethodGroupsHelper.collectMethodsByGroup() took 0 ms.
12:38:50.021 [main] INFO  org.testng.internal.Utils [Utils] MethodGroupsHelper.sortMethods() took 0 ms.
12:38:50.022 [main] INFO  org.testng.internal.Utils [Utils] MethodGroupsHelper.collectMethodsByGroup() took 0 ms.
12:38:50.022 [main] INFO  org.testng.internal.Utils [Utils] MethodGroupsHelper.sortMethods() took 0 ms.
12:38:50.024 [main] INFO  org.testng.internal.Utils [Utils] MethodGroupsHelper.collectMethodsByGroup() took 0 ms.
12:38:50.024 [main] INFO  org.testng.internal.Utils [Utils] MethodGroupsHelper.sortMethods() took 0 ms.
12:38:50.024 [main] INFO  org.testng.internal.Utils [Utils] MethodGroupsHelper.collectMethodsByGroup() took 0 ms.
12:38:50.024 [main] INFO  org.testng.internal.Utils [Utils] MethodGroupsHelper.sortMethods() took 0 ms.
12:38:50.031 [main] INFO  org.testng.internal.Utils [TestNG] Running:
  C:\Users\Isuru\AppData\Local\Temp\testng-eclipse--555457468\testng-customsuite.xml

12:38:50.047 [main] INFO  org.testng.internal.Utils [Utils] DynamicGraphHelper.createDynamicGraph() took 4 ms.
12:38:55.737 [main] INFO  testCases.TC001_AccountRegistrationTest **** Starting TC001_AccountRegistrationTest ****
12:38:55.901 [main] INFO  testCases.TC001_AccountRegistrationTest Clicked on my account Link
12:38:56.945 [main] INFO  testCases.TC001_AccountRegistrationTest Clicked on register Link
12:38:56.948 [main] INFO  testCases.TC001_AccountRegistrationTest Providing user details
12:38:58.165 [main] INFO  testCases.TC001_AccountRegistrationTest Validating expected message..
12:38:58.208 [main] ERROR testCases.TC001_AccountRegistrationTest Test failed...
12:38:58.208 [main] DEBUG testCases.TC001_AccountRegistrationTest Debug logs
12:38:58.210 [main] INFO  testCases.TC001_AccountRegistrationTest **** Finished TC001_AccountRegistrationTest ****
12:38:58.493 [main] INFO  org.testng.internal.Utils [TestNG] Time taken by org.testng.reporters.jq.Main@37fdfb05: 47 ms
12:38:58.494 [main] INFO  org.testng.internal.Utils [TestNG] Time taken by org.testng.reporters.FailedReporter@398474a2: 1 ms
12:38:58.499 [main] INFO  org.testng.internal.Utils [TestNG] Time taken by org.testng.reporters.XMLReporter@4e628b52: 5 ms
12:38:58.506 [main] INFO  org.testng.internal.Utils [TestNG] Time taken by org.testng.reporters.EmailableReporter2@281f23f2: 7 ms
12:38:58.511 [main] INFO  org.testng.internal.Utils [TestNG] Time taken by org.testng.reporters.JUnitReportReporter@3c7cfcbb: 5 ms
12:38:58.511 [main] INFO  org.testng.internal.Utils [TestNG] Time taken by org.testng.internal.ExitCodeListener@65bb9029: 0 ms
12:48:11.893 [main] DEBUG org.testng.TestNG suiteXmlPath: "C:\Users\Isuru\AppData\Local\Temp\testng-eclipse--103564690\testng-customsuite.xml"
12:48:12.110 [main] INFO  org.testng.internal.Utils [Utils] MethodGroupsHelper.collectMethodsByGroup() took 1 ms.
12:48:12.114 [main] INFO  org.testng.internal.Utils [Utils] MethodGroupsHelper.sortMethods() took 2 ms.
12:48:12.116 [main] INFO  org.testng.internal.Utils [Utils] MethodGroupsHelper.collectMethodsByGroup() took 0 ms.
12:48:12.116 [main] INFO  org.testng.internal.Utils [Utils] MethodGroupsHelper.sortMethods() took 0 ms.
12:48:12.116 [main] INFO  org.testng.internal.Utils [Utils] MethodGroupsHelper.collectMethodsByGroup() took 0 ms.
12:48:12.116 [main] INFO  org.testng.internal.Utils [Utils] MethodGroupsHelper.sortMethods() took 0 ms.
12:48:12.117 [main] INFO  org.testng.internal.Utils [Utils] MethodGroupsHelper.collectMethodsByGroup() took 0 ms.
12:48:12.117 [main] INFO  org.testng.internal.Utils [Utils] MethodGroupsHelper.sortMethods() took 0 ms.
12:48:12.124 [main] INFO  org.testng.internal.Utils [Utils] MethodGroupsHelper.collectMethodsByGroup() took 5 ms.
12:48:12.134 [main] INFO  org.testng.internal.Utils [Utils] MethodGroupsHelper.sortMethods() took 10 ms.
12:48:12.135 [main] INFO  org.testng.internal.Utils [Utils] MethodGroupsHelper.collectMethodsByGroup() took 0 ms.
12:48:12.135 [main] INFO  org.testng.internal.Utils [Utils] MethodGroupsHelper.sortMethods() took 0 ms.
12:48:12.136 [main] INFO  org.testng.internal.Utils [Utils] MethodGroupsHelper.collectMethodsByGroup() took 0 ms.
12:48:12.136 [main] INFO  org.testng.internal.Utils [Utils] MethodGroupsHelper.sortMethods() took 0 ms.
12:48:12.136 [main] INFO  org.testng.internal.Utils [Utils] MethodGroupsHelper.collectMethodsByGroup() took 0 ms.
12:48:12.136 [main] INFO  org.testng.internal.Utils [Utils] MethodGroupsHelper.sortMethods() took 0 ms.
12:48:12.138 [main] INFO  org.testng.internal.Utils [Utils] MethodGroupsHelper.collectMethodsByGroup() took 0 ms.
12:48:12.138 [main] INFO  org.testng.internal.Utils [Utils] MethodGroupsHelper.sortMethods() took 0 ms.
12:48:12.139 [main] INFO  org.testng.internal.Utils [Utils] MethodGroupsHelper.collectMethodsByGroup() took 0 ms.
12:48:12.139 [main] INFO  org.testng.internal.Utils [Utils] MethodGroupsHelper.sortMethods() took 0 ms.
12:48:12.142 [main] INFO  org.testng.internal.Utils [Utils] MethodGroupsHelper.collectMethodsByGroup() took 0 ms.
12:48:12.142 [main] INFO  org.testng.internal.Utils [Utils] MethodGroupsHelper.sortMethods() took 0 ms.
12:48:12.142 [main] INFO  org.testng.internal.Utils [Utils] MethodGroupsHelper.collectMethodsByGroup() took 0 ms.
12:48:12.142 [main] INFO  org.testng.internal.Utils [Utils] MethodGroupsHelper.sortMethods() took 0 ms.
12:48:12.143 [main] INFO  org.testng.internal.Utils [Utils] MethodGroupsHelper.collectMethodsByGroup() took 0 ms.
12:48:12.143 [main] INFO  org.testng.internal.Utils [Utils] MethodGroupsHelper.sortMethods() took 0 ms.
12:48:12.145 [main] INFO  org.testng.internal.Utils [Utils] MethodGroupsHelper.collectMethodsByGroup() took 0 ms.
12:48:12.145 [main] INFO  org.testng.internal.Utils [Utils] MethodGroupsHelper.sortMethods() took 0 ms.
12:48:12.145 [main] INFO  org.testng.internal.Utils [Utils] MethodGroupsHelper.collectMethodsByGroup() took 0 ms.
12:48:12.145 [main] INFO  org.testng.internal.Utils [Utils] MethodGroupsHelper.sortMethods() took 0 ms.
12:48:12.153 [main] INFO  org.testng.internal.Utils [TestNG] Running:
  C:\Users\Isuru\AppData\Local\Temp\testng-eclipse--103564690\testng-customsuite.xml

12:48:12.172 [main] INFO  org.testng.internal.Utils [Utils] DynamicGraphHelper.createDynamicGraph() took 5 ms.
12:48:20.132 [main] INFO  testCases.TC001_AccountRegistrationTest **** Starting TC001_AccountRegistrationTest ****
12:48:20.284 [main] INFO  testCases.TC001_AccountRegistrationTest Clicked on my account Link
12:48:20.690 [main] INFO  testCases.TC001_AccountRegistrationTest Clicked on register Link
12:48:20.694 [main] INFO  testCases.TC001_AccountRegistrationTest Providing user details
12:48:21.942 [main] INFO  testCases.TC001_AccountRegistrationTest Validating expected message..
12:48:21.984 [main] ERROR testCases.TC001_AccountRegistrationTest Test failed...
12:48:21.985 [main] DEBUG testCases.TC001_AccountRegistrationTest Debug logs
12:48:21.989 [main] INFO  testCases.TC001_AccountRegistrationTest **** Finished TC001_AccountRegistrationTest ****
12:48:22.282 [main] INFO  org.testng.internal.Utils [TestNG] Time taken by org.testng.reporters.jq.Main@37fdfb05: 57 ms
12:48:22.283 [main] INFO  org.testng.internal.Utils [TestNG] Time taken by org.testng.reporters.FailedReporter@398474a2: 1 ms
12:48:22.291 [main] INFO  org.testng.internal.Utils [TestNG] Time taken by org.testng.reporters.XMLReporter@4e628b52: 7 ms
12:48:22.297 [main] INFO  org.testng.internal.Utils [TestNG] Time taken by org.testng.reporters.EmailableReporter2@281f23f2: 6 ms
12:48:22.301 [main] INFO  org.testng.internal.Utils [TestNG] Time taken by org.testng.reporters.JUnitReportReporter@3c7cfcbb: 4 ms
12:48:22.302 [main] INFO  org.testng.internal.Utils [TestNG] Time taken by org.testng.internal.ExitCodeListener@65bb9029: 0 ms
12:50:15.110 [main] DEBUG org.testng.TestNG suiteXmlPath: "C:\Users\Isuru\AppData\Local\Temp\testng-eclipse--2071803790\testng-customsuite.xml"
12:50:15.313 [main] INFO  org.testng.internal.Utils [Utils] MethodGroupsHelper.collectMethodsByGroup() took 1 ms.
12:50:15.316 [main] INFO  org.testng.internal.Utils [Utils] MethodGroupsHelper.sortMethods() took 1 ms.
12:50:15.318 [main] INFO  org.testng.internal.Utils [Utils] MethodGroupsHelper.collectMethodsByGroup() took 0 ms.
12:50:15.318 [main] INFO  org.testng.internal.Utils [Utils] MethodGroupsHelper.sortMethods() took 0 ms.
12:50:15.318 [main] INFO  org.testng.internal.Utils [Utils] MethodGroupsHelper.collectMethodsByGroup() took 0 ms.
12:50:15.318 [main] INFO  org.testng.internal.Utils [Utils] MethodGroupsHelper.sortMethods() took 0 ms.
12:50:15.319 [main] INFO  org.testng.internal.Utils [Utils] MethodGroupsHelper.collectMethodsByGroup() took 0 ms.
12:50:15.319 [main] INFO  org.testng.internal.Utils [Utils] MethodGroupsHelper.sortMethods() took 0 ms.
12:50:15.324 [main] INFO  org.testng.internal.Utils [Utils] MethodGroupsHelper.collectMethodsByGroup() took 3 ms.
12:50:15.336 [main] INFO  org.testng.internal.Utils [Utils] MethodGroupsHelper.sortMethods() took 11 ms.
12:50:15.337 [main] INFO  org.testng.internal.Utils [Utils] MethodGroupsHelper.collectMethodsByGroup() took 0 ms.
12:50:15.337 [main] INFO  org.testng.internal.Utils [Utils] MethodGroupsHelper.sortMethods() took 0 ms.
12:50:15.338 [main] INFO  org.testng.internal.Utils [Utils] MethodGroupsHelper.collectMethodsByGroup() took 0 ms.
12:50:15.338 [main] INFO  org.testng.internal.Utils [Utils] MethodGroupsHelper.sortMethods() took 0 ms.
12:50:15.339 [main] INFO  org.testng.internal.Utils [Utils] MethodGroupsHelper.collectMethodsByGroup() took 0 ms.
12:50:15.339 [main] INFO  org.testng.internal.Utils [Utils] MethodGroupsHelper.sortMethods() took 0 ms.
12:50:15.340 [main] INFO  org.testng.internal.Utils [Utils] MethodGroupsHelper.collectMethodsByGroup() took 0 ms.
12:50:15.340 [main] INFO  org.testng.internal.Utils [Utils] MethodGroupsHelper.sortMethods() took 0 ms.
12:50:15.341 [main] INFO  org.testng.internal.Utils [Utils] MethodGroupsHelper.collectMethodsByGroup() took 0 ms.
12:50:15.341 [main] INFO  org.testng.internal.Utils [Utils] MethodGroupsHelper.sortMethods() took 0 ms.
12:50:15.343 [main] INFO  org.testng.internal.Utils [Utils] MethodGroupsHelper.collectMethodsByGroup() took 0 ms.
12:50:15.343 [main] INFO  org.testng.internal.Utils [Utils] MethodGroupsHelper.sortMethods() took 0 ms.
12:50:15.344 [main] INFO  org.testng.internal.Utils [Utils] MethodGroupsHelper.collectMethodsByGroup() took 0 ms.
12:50:15.344 [main] INFO  org.testng.internal.Utils [Utils] MethodGroupsHelper.sortMethods() took 0 ms.
12:50:15.345 [main] INFO  org.testng.internal.Utils [Utils] MethodGroupsHelper.collectMethodsByGroup() took 0 ms.
12:50:15.345 [main] INFO  org.testng.internal.Utils [Utils] MethodGroupsHelper.sortMethods() took 0 ms.
12:50:15.346 [main] INFO  org.testng.internal.Utils [Utils] MethodGroupsHelper.collectMethodsByGroup() took 0 ms.
12:50:15.346 [main] INFO  org.testng.internal.Utils [Utils] MethodGroupsHelper.sortMethods() took 0 ms.
12:50:15.346 [main] INFO  org.testng.internal.Utils [Utils] MethodGroupsHelper.collectMethodsByGroup() took 0 ms.
12:50:15.347 [main] INFO  org.testng.internal.Utils [Utils] MethodGroupsHelper.sortMethods() took 0 ms.
12:50:15.353 [main] INFO  org.testng.internal.Utils [TestNG] Running:
  C:\Users\Isuru\AppData\Local\Temp\testng-eclipse--2071803790\testng-customsuite.xml

12:50:15.371 [main] INFO  org.testng.internal.Utils [Utils] DynamicGraphHelper.createDynamicGraph() took 4 ms.
12:50:18.776 [main] INFO  testCases.TC001_AccountRegistrationTest **** Starting TC001_AccountRegistrationTest ****
12:50:18.932 [main] INFO  testCases.TC001_AccountRegistrationTest Clicked on my account Link
12:50:19.536 [main] INFO  testCases.TC001_AccountRegistrationTest Clicked on register Link
12:50:19.540 [main] INFO  testCases.TC001_AccountRegistrationTest Providing user details
12:50:20.920 [main] INFO  testCases.TC001_AccountRegistrationTest Validating expected message..
12:50:20.960 [main] ERROR testCases.TC001_AccountRegistrationTest Test failed...
12:50:20.960 [main] DEBUG testCases.TC001_AccountRegistrationTest Debug logs
12:50:20.963 [main] INFO  testCases.TC001_AccountRegistrationTest **** Finished TC001_AccountRegistrationTest ****
12:50:21.189 [main] INFO  org.testng.internal.Utils [TestNG] Time taken by org.testng.reporters.jq.Main@37fdfb05: 48 ms
12:50:21.191 [main] INFO  org.testng.internal.Utils [TestNG] Time taken by org.testng.reporters.FailedReporter@398474a2: 2 ms
12:50:21.198 [main] INFO  org.testng.internal.Utils [TestNG] Time taken by org.testng.reporters.XMLReporter@4e628b52: 7 ms
12:50:21.202 [main] INFO  org.testng.internal.Utils [TestNG] Time taken by org.testng.reporters.EmailableReporter2@281f23f2: 4 ms
12:50:21.206 [main] INFO  org.testng.internal.Utils [TestNG] Time taken by org.testng.reporters.JUnitReportReporter@3c7cfcbb: 4 ms
12:50:21.207 [main] INFO  org.testng.internal.Utils [TestNG] Time taken by org.testng.internal.ExitCodeListener@65bb9029: 0 ms
12:52:23.156 [main] DEBUG org.testng.TestNG suiteXmlPath: "C:\Users\Isuru\AppData\Local\Temp\testng-eclipse-703990958\testng-customsuite.xml"
12:52:23.353 [main] INFO  org.testng.internal.Utils [Utils] MethodGroupsHelper.collectMethodsByGroup() took 0 ms.
12:52:23.355 [main] INFO  org.testng.internal.Utils [Utils] MethodGroupsHelper.sortMethods() took 0 ms.
12:52:23.356 [main] INFO  org.testng.internal.Utils [Utils] MethodGroupsHelper.collectMethodsByGroup() took 0 ms.
12:52:23.356 [main] INFO  org.testng.internal.Utils [Utils] MethodGroupsHelper.sortMethods() took 0 ms.
12:52:23.357 [main] INFO  org.testng.internal.Utils [Utils] MethodGroupsHelper.collectMethodsByGroup() took 0 ms.
12:52:23.357 [main] INFO  org.testng.internal.Utils [Utils] MethodGroupsHelper.sortMethods() took 0 ms.
12:52:23.357 [main] INFO  org.testng.internal.Utils [Utils] MethodGroupsHelper.collectMethodsByGroup() took 0 ms.
12:52:23.357 [main] INFO  org.testng.internal.Utils [Utils] MethodGroupsHelper.sortMethods() took 0 ms.
12:52:23.363 [main] INFO  org.testng.internal.Utils [Utils] MethodGroupsHelper.collectMethodsByGroup() took 4 ms.
12:52:23.370 [main] INFO  org.testng.internal.Utils [Utils] MethodGroupsHelper.sortMethods() took 7 ms.
12:52:23.371 [main] INFO  org.testng.internal.Utils [Utils] MethodGroupsHelper.collectMethodsByGroup() took 0 ms.
12:52:23.373 [main] INFO  org.testng.internal.Utils [Utils] MethodGroupsHelper.sortMethods() took 1 ms.
12:52:23.373 [main] INFO  org.testng.internal.Utils [Utils] MethodGroupsHelper.collectMethodsByGroup() took 0 ms.
12:52:23.373 [main] INFO  org.testng.internal.Utils [Utils] MethodGroupsHelper.sortMethods() took 0 ms.
12:52:23.373 [main] INFO  org.testng.internal.Utils [Utils] MethodGroupsHelper.collectMethodsByGroup() took 0 ms.
12:52:23.373 [main] INFO  org.testng.internal.Utils [Utils] MethodGroupsHelper.sortMethods() took 0 ms.
12:52:23.375 [main] INFO  org.testng.internal.Utils [Utils] MethodGroupsHelper.collectMethodsByGroup() took 0 ms.
12:52:23.375 [main] INFO  org.testng.internal.Utils [Utils] MethodGroupsHelper.sortMethods() took 0 ms.
12:52:23.375 [main] INFO  org.testng.internal.Utils [Utils] MethodGroupsHelper.collectMethodsByGroup() took 0 ms.
12:52:23.375 [main] INFO  org.testng.internal.Utils [Utils] MethodGroupsHelper.sortMethods() took 0 ms.
12:52:23.378 [main] INFO  org.testng.internal.Utils [Utils] MethodGroupsHelper.collectMethodsByGroup() took 0 ms.
12:52:23.378 [main] INFO  org.testng.internal.Utils [Utils] MethodGroupsHelper.sortMethods() took 0 ms.
12:52:23.378 [main] INFO  org.testng.internal.Utils [Utils] MethodGroupsHelper.collectMethodsByGroup() took 0 ms.
12:52:23.378 [main] INFO  org.testng.internal.Utils [Utils] MethodGroupsHelper.sortMethods() took 0 ms.
12:52:23.380 [main] INFO  org.testng.internal.Utils [Utils] MethodGroupsHelper.collectMethodsByGroup() took 0 ms.
12:52:23.380 [main] INFO  org.testng.internal.Utils [Utils] MethodGroupsHelper.sortMethods() took 0 ms.
12:52:23.381 [main] INFO  org.testng.internal.Utils [Utils] MethodGroupsHelper.collectMethodsByGroup() took 0 ms.
12:52:23.381 [main] INFO  org.testng.internal.Utils [Utils] MethodGroupsHelper.sortMethods() took 0 ms.
12:52:23.381 [main] INFO  org.testng.internal.Utils [Utils] MethodGroupsHelper.collectMethodsByGroup() took 0 ms.
12:52:23.382 [main] INFO  org.testng.internal.Utils [Utils] MethodGroupsHelper.sortMethods() took 0 ms.
12:52:23.389 [main] INFO  org.testng.internal.Utils [TestNG] Running:
  C:\Users\Isuru\AppData\Local\Temp\testng-eclipse-703990958\testng-customsuite.xml

12:52:23.407 [main] INFO  org.testng.internal.Utils [Utils] DynamicGraphHelper.createDynamicGraph() took 4 ms.
12:52:26.257 [main] INFO  testCases.TC001_AccountRegistrationTest **** Starting TC001_AccountRegistrationTest ****
12:52:26.437 [main] INFO  testCases.TC001_AccountRegistrationTest Clicked on my account Link
12:52:26.904 [main] INFO  testCases.TC001_AccountRegistrationTest Clicked on register Link
12:52:26.908 [main] INFO  testCases.TC001_AccountRegistrationTest Providing user details
12:52:28.021 [main] INFO  testCases.TC001_AccountRegistrationTest Validating expected message..
12:52:28.061 [main] ERROR testCases.TC001_AccountRegistrationTest Test failed...
12:52:28.061 [main] DEBUG testCases.TC001_AccountRegistrationTest Debug logs
12:52:28.334 [main] INFO  org.testng.internal.Utils [TestNG] Time taken by org.testng.reporters.jq.Main@49dbaaf3: 47 ms
12:52:28.344 [main] INFO  org.testng.internal.Utils [TestNG] Time taken by org.testng.reporters.FailedReporter@52b6319f: 10 ms
12:52:28.354 [main] INFO  org.testng.internal.Utils [TestNG] Time taken by org.testng.reporters.XMLReporter@56303475: 10 ms
12:52:28.360 [main] INFO  org.testng.internal.Utils [TestNG] Time taken by org.testng.reporters.EmailableReporter2@14fc5d40: 6 ms
12:52:28.367 [main] INFO  org.testng.internal.Utils [TestNG] Time taken by org.testng.reporters.JUnitReportReporter@5f303ecd: 6 ms
12:52:28.367 [main] INFO  org.testng.internal.Utils [TestNG] Time taken by org.testng.internal.ExitCodeListener@50d3bf39: 0 ms
12:52:56.310 [main] DEBUG org.testng.TestNG suiteXmlPath: "C:\Users\Isuru\AppData\Local\Temp\testng-eclipse-723274376\testng-customsuite.xml"
12:52:56.512 [main] INFO  org.testng.internal.Utils [Utils] MethodGroupsHelper.collectMethodsByGroup() took 1 ms.
12:52:56.516 [main] INFO  org.testng.internal.Utils [Utils] MethodGroupsHelper.sortMethods() took 2 ms.
12:52:56.517 [main] INFO  org.testng.internal.Utils [Utils] MethodGroupsHelper.collectMethodsByGroup() took 0 ms.
12:52:56.517 [main] INFO  org.testng.internal.Utils [Utils] MethodGroupsHelper.sortMethods() took 0 ms.
12:52:56.518 [main] INFO  org.testng.internal.Utils [Utils] MethodGroupsHelper.collectMethodsByGroup() took 0 ms.
12:52:56.518 [main] INFO  org.testng.internal.Utils [Utils] MethodGroupsHelper.sortMethods() took 0 ms.
12:52:56.518 [main] INFO  org.testng.internal.Utils [Utils] MethodGroupsHelper.collectMethodsByGroup() took 0 ms.
12:52:56.518 [main] INFO  org.testng.internal.Utils [Utils] MethodGroupsHelper.sortMethods() took 0 ms.
12:52:56.527 [main] INFO  org.testng.internal.Utils [Utils] MethodGroupsHelper.collectMethodsByGroup() took 6 ms.
12:52:56.536 [main] INFO  org.testng.internal.Utils [Utils] MethodGroupsHelper.sortMethods() took 9 ms.
12:52:56.539 [main] INFO  org.testng.internal.Utils [Utils] MethodGroupsHelper.collectMethodsByGroup() took 0 ms.
12:52:56.539 [main] INFO  org.testng.internal.Utils [Utils] MethodGroupsHelper.sortMethods() took 0 ms.
12:52:56.541 [main] INFO  org.testng.internal.Utils [Utils] MethodGroupsHelper.collectMethodsByGroup() took 0 ms.
12:52:56.541 [main] INFO  org.testng.internal.Utils [Utils] MethodGroupsHelper.sortMethods() took 0 ms.
12:52:56.542 [main] INFO  org.testng.internal.Utils [Utils] MethodGroupsHelper.collectMethodsByGroup() took 0 ms.
12:52:56.542 [main] INFO  org.testng.internal.Utils [Utils] MethodGroupsHelper.sortMethods() took 0 ms.
12:52:56.545 [main] INFO  org.testng.internal.Utils [Utils] MethodGroupsHelper.collectMethodsByGroup() took 0 ms.
12:52:56.545 [main] INFO  org.testng.internal.Utils [Utils] MethodGroupsHelper.sortMethods() took 0 ms.
12:52:56.546 [main] INFO  org.testng.internal.Utils [Utils] MethodGroupsHelper.collectMethodsByGroup() took 0 ms.
12:52:56.546 [main] INFO  org.testng.internal.Utils [Utils] MethodGroupsHelper.sortMethods() took 0 ms.
12:52:56.549 [main] INFO  org.testng.internal.Utils [Utils] MethodGroupsHelper.collectMethodsByGroup() took 0 ms.
12:52:56.550 [main] INFO  org.testng.internal.Utils [Utils] MethodGroupsHelper.sortMethods() took 0 ms.
12:52:56.550 [main] INFO  org.testng.internal.Utils [Utils] MethodGroupsHelper.collectMethodsByGroup() took 0 ms.
12:52:56.550 [main] INFO  org.testng.internal.Utils [Utils] MethodGroupsHelper.sortMethods() took 0 ms.
12:52:56.551 [main] INFO  org.testng.internal.Utils [Utils] MethodGroupsHelper.collectMethodsByGroup() took 1 ms.
12:52:56.551 [main] INFO  org.testng.internal.Utils [Utils] MethodGroupsHelper.sortMethods() took 0 ms.
12:52:56.552 [main] INFO  org.testng.internal.Utils [Utils] MethodGroupsHelper.collectMethodsByGroup() took 0 ms.
12:52:56.552 [main] INFO  org.testng.internal.Utils [Utils] MethodGroupsHelper.sortMethods() took 0 ms.
12:52:56.553 [main] INFO  org.testng.internal.Utils [Utils] MethodGroupsHelper.collectMethodsByGroup() took 0 ms.
12:52:56.553 [main] INFO  org.testng.internal.Utils [Utils] MethodGroupsHelper.sortMethods() took 0 ms.
12:52:56.561 [main] INFO  org.testng.internal.Utils [TestNG] Running:
  C:\Users\Isuru\AppData\Local\Temp\testng-eclipse-723274376\testng-customsuite.xml

12:52:56.580 [main] INFO  org.testng.internal.Utils [Utils] DynamicGraphHelper.createDynamicGraph() took 5 ms.
12:53:01.164 [main] INFO  testCases.TC001_AccountRegistrationTest **** Starting TC001_AccountRegistrationTest ****
12:53:01.382 [main] INFO  testCases.TC001_AccountRegistrationTest Clicked on my account Link
12:53:03.882 [main] INFO  testCases.TC001_AccountRegistrationTest Clicked on register Link
12:53:03.884 [main] INFO  testCases.TC001_AccountRegistrationTest Providing user details
12:53:05.129 [main] INFO  testCases.TC001_AccountRegistrationTest Validating expected message..
12:53:05.184 [main] INFO  testCases.TC001_AccountRegistrationTest **** Finished TC001_AccountRegistrationTest ****
12:53:05.442 [main] INFO  org.testng.internal.Utils [TestNG] Time taken by org.testng.reporters.jq.Main@5e39850: 51 ms
12:53:05.442 [main] INFO  org.testng.internal.Utils [TestNG] Time taken by org.testng.reporters.FailedReporter@61799544: 0 ms
12:53:05.447 [main] INFO  org.testng.internal.Utils [TestNG] Time taken by org.testng.reporters.XMLReporter@51ec2df1: 4 ms
12:53:05.452 [main] INFO  org.testng.internal.Utils [TestNG] Time taken by org.testng.reporters.EmailableReporter2@87abc48: 4 ms
12:53:05.457 [main] INFO  org.testng.internal.Utils [TestNG] Time taken by org.testng.reporters.JUnitReportReporter@65bb9029: 4 ms
12:53:05.457 [main] INFO  org.testng.internal.Utils [TestNG] Time taken by org.testng.internal.ExitCodeListener@1bfe3203: 0 ms
12:53:25.992 [main] DEBUG org.testng.TestNG suiteXmlPath: "C:\Users\Isuru\AppData\Local\Temp\testng-eclipse--928442785\testng-customsuite.xml"
12:53:26.195 [main] INFO  org.testng.internal.Utils [Utils] MethodGroupsHelper.collectMethodsByGroup() took 0 ms.
12:53:26.199 [main] INFO  org.testng.internal.Utils [Utils] MethodGroupsHelper.sortMethods() took 2 ms.
12:53:26.200 [main] INFO  org.testng.internal.Utils [Utils] MethodGroupsHelper.collectMethodsByGroup() took 0 ms.
12:53:26.200 [main] INFO  org.testng.internal.Utils [Utils] MethodGroupsHelper.sortMethods() took 0 ms.
12:53:26.201 [main] INFO  org.testng.internal.Utils [Utils] MethodGroupsHelper.collectMethodsByGroup() took 0 ms.
12:53:26.201 [main] INFO  org.testng.internal.Utils [Utils] MethodGroupsHelper.sortMethods() took 0 ms.
12:53:26.201 [main] INFO  org.testng.internal.Utils [Utils] MethodGroupsHelper.collectMethodsByGroup() took 0 ms.
12:53:26.202 [main] INFO  org.testng.internal.Utils [Utils] MethodGroupsHelper.sortMethods() took 0 ms.
12:53:26.207 [main] INFO  org.testng.internal.Utils [Utils] MethodGroupsHelper.collectMethodsByGroup() took 3 ms.
12:53:26.215 [main] INFO  org.testng.internal.Utils [Utils] MethodGroupsHelper.sortMethods() took 7 ms.
12:53:26.216 [main] INFO  org.testng.internal.Utils [Utils] MethodGroupsHelper.collectMethodsByGroup() took 0 ms.
12:53:26.217 [main] INFO  org.testng.internal.Utils [Utils] MethodGroupsHelper.sortMethods() took 0 ms.
12:53:26.217 [main] INFO  org.testng.internal.Utils [Utils] MethodGroupsHelper.collectMethodsByGroup() took 0 ms.
12:53:26.217 [main] INFO  org.testng.internal.Utils [Utils] MethodGroupsHelper.sortMethods() took 0 ms.
12:53:26.218 [main] INFO  org.testng.internal.Utils [Utils] MethodGroupsHelper.collectMethodsByGroup() took 0 ms.
12:53:26.218 [main] INFO  org.testng.internal.Utils [Utils] MethodGroupsHelper.sortMethods() took 0 ms.
12:53:26.220 [main] INFO  org.testng.internal.Utils [Utils] MethodGroupsHelper.collectMethodsByGroup() took 0 ms.
12:53:26.220 [main] INFO  org.testng.internal.Utils [Utils] MethodGroupsHelper.sortMethods() took 0 ms.
12:53:26.220 [main] INFO  org.testng.internal.Utils [Utils] MethodGroupsHelper.collectMethodsByGroup() took 0 ms.
12:53:26.220 [main] INFO  org.testng.internal.Utils [Utils] MethodGroupsHelper.sortMethods() took 0 ms.
12:53:26.222 [main] INFO  org.testng.internal.Utils [Utils] MethodGroupsHelper.collectMethodsByGroup() took 0 ms.
12:53:26.223 [main] INFO  org.testng.internal.Utils [Utils] MethodGroupsHelper.sortMethods() took 0 ms.
12:53:26.223 [main] INFO  org.testng.internal.Utils [Utils] MethodGroupsHelper.collectMethodsByGroup() took 0 ms.
12:53:26.223 [main] INFO  org.testng.internal.Utils [Utils] MethodGroupsHelper.sortMethods() took 0 ms.
12:53:26.224 [main] INFO  org.testng.internal.Utils [Utils] MethodGroupsHelper.collectMethodsByGroup() took 0 ms.
12:53:26.224 [main] INFO  org.testng.internal.Utils [Utils] MethodGroupsHelper.sortMethods() took 0 ms.
12:53:26.225 [main] INFO  org.testng.internal.Utils [Utils] MethodGroupsHelper.collectMethodsByGroup() took 0 ms.
12:53:26.225 [main] INFO  org.testng.internal.Utils [Utils] MethodGroupsHelper.sortMethods() took 0 ms.
12:53:26.226 [main] INFO  org.testng.internal.Utils [Utils] MethodGroupsHelper.collectMethodsByGroup() took 0 ms.
12:53:26.226 [main] INFO  org.testng.internal.Utils [Utils] MethodGroupsHelper.sortMethods() took 0 ms.
12:53:26.234 [main] INFO  org.testng.internal.Utils [TestNG] Running:
  C:\Users\Isuru\AppData\Local\Temp\testng-eclipse--928442785\testng-customsuite.xml

12:53:26.254 [main] INFO  org.testng.internal.Utils [Utils] DynamicGraphHelper.createDynamicGraph() took 4 ms.
12:53:29.192 [main] INFO  testCases.TC001_AccountRegistrationTest **** Starting TC001_AccountRegistrationTest ****
12:53:29.371 [main] INFO  testCases.TC001_AccountRegistrationTest Clicked on my account Link
12:53:29.877 [main] INFO  testCases.TC001_AccountRegistrationTest Clicked on register Link
12:53:29.883 [main] INFO  testCases.TC001_AccountRegistrationTest Providing user details
12:53:31.108 [main] INFO  testCases.TC001_AccountRegistrationTest Validating expected message..
12:53:31.157 [main] ERROR testCases.TC001_AccountRegistrationTest Test failed...
12:53:31.157 [main] DEBUG testCases.TC001_AccountRegistrationTest Debug logs
12:53:31.428 [main] INFO  org.testng.internal.Utils [TestNG] Time taken by org.testng.reporters.jq.Main@49dbaaf3: 51 ms
12:53:31.438 [main] INFO  org.testng.internal.Utils [TestNG] Time taken by org.testng.reporters.FailedReporter@52b6319f: 10 ms
12:53:31.445 [main] INFO  org.testng.internal.Utils [TestNG] Time taken by org.testng.reporters.XMLReporter@56303475: 7 ms
12:53:31.453 [main] INFO  org.testng.internal.Utils [TestNG] Time taken by org.testng.reporters.EmailableReporter2@14fc5d40: 8 ms
12:53:31.458 [main] INFO  org.testng.internal.Utils [TestNG] Time taken by org.testng.reporters.JUnitReportReporter@5f303ecd: 5 ms
12:53:31.458 [main] INFO  org.testng.internal.Utils [TestNG] Time taken by org.testng.internal.ExitCodeListener@50d3bf39: 0 ms
12:58:56.052 [main] DEBUG org.testng.TestNG suiteXmlPath: "C:\Users\Isuru\AppData\Local\Temp\testng-eclipse-1286062970\testng-customsuite.xml"
12:58:56.252 [main] INFO  org.testng.internal.Utils [Utils] MethodGroupsHelper.collectMethodsByGroup() took 0 ms.
12:58:56.255 [main] INFO  org.testng.internal.Utils [Utils] MethodGroupsHelper.sortMethods() took 2 ms.
12:58:56.256 [main] INFO  org.testng.internal.Utils [Utils] MethodGroupsHelper.collectMethodsByGroup() took 0 ms.
12:58:56.257 [main] INFO  org.testng.internal.Utils [Utils] MethodGroupsHelper.sortMethods() took 0 ms.
12:58:56.257 [main] INFO  org.testng.internal.Utils [Utils] MethodGroupsHelper.collectMethodsByGroup() took 0 ms.
12:58:56.257 [main] INFO  org.testng.internal.Utils [Utils] MethodGroupsHelper.sortMethods() took 0 ms.
12:58:56.258 [main] INFO  org.testng.internal.Utils [Utils] MethodGroupsHelper.collectMethodsByGroup() took 0 ms.
12:58:56.258 [main] INFO  org.testng.internal.Utils [Utils] MethodGroupsHelper.sortMethods() took 0 ms.
12:58:56.264 [main] INFO  org.testng.internal.Utils [Utils] MethodGroupsHelper.collectMethodsByGroup() took 4 ms.
12:58:56.271 [main] INFO  org.testng.internal.Utils [Utils] MethodGroupsHelper.sortMethods() took 6 ms.
12:58:56.273 [main] INFO  org.testng.internal.Utils [Utils] MethodGroupsHelper.collectMethodsByGroup() took 0 ms.
12:58:56.273 [main] INFO  org.testng.internal.Utils [Utils] MethodGroupsHelper.sortMethods() took 0 ms.
12:58:56.273 [main] INFO  org.testng.internal.Utils [Utils] MethodGroupsHelper.collectMethodsByGroup() took 0 ms.
12:58:56.273 [main] INFO  org.testng.internal.Utils [Utils] MethodGroupsHelper.sortMethods() took 0 ms.
12:58:56.274 [main] INFO  org.testng.internal.Utils [Utils] MethodGroupsHelper.collectMethodsByGroup() took 0 ms.
12:58:56.274 [main] INFO  org.testng.internal.Utils [Utils] MethodGroupsHelper.sortMethods() took 0 ms.
12:58:56.276 [main] INFO  org.testng.internal.Utils [Utils] MethodGroupsHelper.collectMethodsByGroup() took 0 ms.
12:58:56.276 [main] INFO  org.testng.internal.Utils [Utils] MethodGroupsHelper.sortMethods() took 0 ms.
12:58:56.276 [main] INFO  org.testng.internal.Utils [Utils] MethodGroupsHelper.collectMethodsByGroup() took 0 ms.
12:58:56.276 [main] INFO  org.testng.internal.Utils [Utils] MethodGroupsHelper.sortMethods() took 0 ms.
12:58:56.279 [main] INFO  org.testng.internal.Utils [Utils] MethodGroupsHelper.collectMethodsByGroup() took 0 ms.
12:58:56.279 [main] INFO  org.testng.internal.Utils [Utils] MethodGroupsHelper.sortMethods() took 0 ms.
12:58:56.280 [main] INFO  org.testng.internal.Utils [Utils] MethodGroupsHelper.collectMethodsByGroup() took 0 ms.
12:58:56.280 [main] INFO  org.testng.internal.Utils [Utils] MethodGroupsHelper.sortMethods() took 0 ms.
12:58:56.280 [main] INFO  org.testng.internal.Utils [Utils] MethodGroupsHelper.collectMethodsByGroup() took 0 ms.
12:58:56.281 [main] INFO  org.testng.internal.Utils [Utils] MethodGroupsHelper.sortMethods() took 0 ms.
12:58:56.282 [main] INFO  org.testng.internal.Utils [Utils] MethodGroupsHelper.collectMethodsByGroup() took 0 ms.
12:58:56.283 [main] INFO  org.testng.internal.Utils [Utils] MethodGroupsHelper.sortMethods() took 0 ms.
12:58:56.283 [main] INFO  org.testng.internal.Utils [Utils] MethodGroupsHelper.collectMethodsByGroup() took 0 ms.
12:58:56.283 [main] INFO  org.testng.internal.Utils [Utils] MethodGroupsHelper.sortMethods() took 0 ms.
